#
# A fatal error has been detected by the Java Runtime Environment:
#
#  SIGSEGV (0xb) at pc=0xf7661320, pid=4298, tid=2727865152
#
# JRE version: Java(TM) SE Runtime Environment (8.0_91-b14) (build 1.8.0_91-b14)
# Java VM: Java HotSpot(TM) Server VM (25.91-b14 mixed mode linux-x86 )
# Problematic frame:
# C  [libc.so.6+0x134320]
#
# Failed to write core dump. Core dumps have been disabled. To enable core dumping, try "ulimit -c unlimited" before starting Java again
#
# If you would like to submit a bug report, please visit:
#   http://bugreport.java.com/bugreport/crash.jsp
# The crash happened outside the Java Virtual Machine in native code.
# See problematic frame for where to report the bug.
#

---------------  T H R E A D  ---------------

Current thread (0xa238e400):  JavaThread "QuantumRenderer-0" daemon [_thread_in_native, id=4321, stack(0xa292e000,0xa297f000)]

siginfo: si_signo: 11 (SIGSEGV), si_code: 2 (SEGV_ACCERR), si_addr: 0xd3c33c84

Registers:
EAX=0xd3c33c90, EBX=0xf7661320, ECX=0x0000000c, EDX=0x9cb0063c
ESP=0xa297d658, EBP=0x0000063c, ESI=0xa303f8b0, EDI=0xd3c33c84
EIP=0xf7661320, EFLAGS=0x00010283, CR2=0xd3c33c84

Top of Stack: (sp=0xa297d658)
0xa297d658:   a1239000 a0e2cccd 9cb00630 d3c33c84
0xa297d668:   0000000c a0a6aec3 9d7a7438 00140000
0xa297d678:   00000630 00000000 00000008 9e8578d8
0xa297d688:   a1239000 a1239000 a303f8b0 00000001
0xa297d698:   a304d318 a0f21ada a303f8b0 d3c33c84
0xa297d6a8:   00000000 0000000c a297d6dc a303f8b0
0xa297d6b8:   0000000c 00000000 00d3ffff 00000000
0xa297d6c8:   00000004 a297d6dc 0000ffff a304d318 

Instructions: (pc=0xf7661320)
0xf7661300:   4a dc 8b 48 e0 89 4a e0 8b 48 e4 89 4a e4 8b 48
0xf7661310:   e8 89 4a e8 8b 48 ec 89 4a ec 8b 48 f0 89 4a f0
0xf7661320:   8b 48 f4 89 4a f4 8b 48 f8 89 4a f8 8b 48 fc 89
0xf7661330:   4a fc 8b 44 24 08 5b c3 90 8d b4 26 00 00 00 00 

Register to memory mapping:

EAX=0xd3c33c90 is an unallocated location in the heap
EBX=0xf7661320: <offset 0x134320> in /lib/i386-linux-gnu/libc.so.6 at 0xf752d000
ECX=0x0000000c is an unknown value
EDX=0x9cb0063c is an unknown value
ESP=0xa297d658 is pointing into the stack for thread: 0xa238e400
EBP=0x0000063c is an unknown value
ESI=0xa303f8b0 is an unknown value
EDI=0xd3c33c84 is an unallocated location in the heap


Stack: [0xa292e000,0xa297f000],  sp=0xa297d658,  free space=317k
Native frames: (J=compiled Java code, j=interpreted, Vv=VM code, C=native code)
C  [libc.so.6+0x134320]

Java frames: (J=compiled Java code, j=interpreted, Vv=VM code)
J 2455  com.sun.prism.es2.GLContext.nClearBuffers(JFFFFZZZ)V (0 bytes) @ 0xe7ade611 [0xe7ade5a0+0x71]
J 2305 C1 com.sun.prism.es2.GLContext.clearBuffers(Lcom/sun/prism/paint/Color;ZZZ)V (44 bytes) @ 0xe7a4efc0 [0xe7a4ec80+0x340]
J 2301 C1 com.sun.prism.es2.ES2Graphics.clear(Lcom/sun/prism/paint/Color;)V (36 bytes) @ 0xe7a4fc5c [0xe7a4f780+0x4dc]
J 2280 C1 com.sun.javafx.tk.quantum.ViewPainter.doPaint(Lcom/sun/prism/Graphics;Lcom/sun/javafx/sg/prism/NodePath;)V (205 bytes) @ 0xe7a2f608 [0xe7a2f060+0x5a8]
J 2354 C1 com.sun.javafx.tk.quantum.ViewPainter.paintImpl(Lcom/sun/prism/Graphics;)V (1457 bytes) @ 0xe7a7dfdc [0xe7a7bce0+0x22fc]
J 2518 C1 com.sun.javafx.tk.quantum.PresentingPainter.run()V (675 bytes) @ 0xe7b36250 [0xe7b348a0+0x19b0]
J 2712 C1 java.util.concurrent.Executors$RunnableAdapter.call()Ljava/lang/Object; (14 bytes) @ 0xe7bebdc4 [0xe7bebce0+0xe4]
J 2711 C1 java.util.concurrent.FutureTask.runAndReset()Z (128 bytes) @ 0xe7bf1ce0 [0xe7bf1b00+0x1e0]
J 2710 C1 com.sun.javafx.tk.RenderJob.run()V (105 bytes) @ 0xe7bf27f0 [0xe7bf2780+0x70]
j  java.util.concurrent.ThreadPoolExecutor.runWorker(Ljava/util/concurrent/ThreadPoolExecutor$Worker;)V+95
j  java.util.concurrent.ThreadPoolExecutor$Worker.run()V+5
j  com.sun.javafx.tk.quantum.QuantumRenderer$PipelineRunnable.run()V+8
j  java.lang.Thread.run()V+11
v  ~StubRoutines::call_stub

---------------  P R O C E S S  ---------------

Java Threads: ( => current thread )
  0x9c933800 JavaThread "Media Resource Disposer" daemon [_thread_blocked, id=4453, stack(0x9c59f000,0x9c5f0000)]
  0x9e095400 JavaThread "Prism Font Disposer" daemon [_thread_blocked, id=4325, stack(0x9db96000,0x9dbe7000)]
  0xa23d2800 JavaThread "JavaFX-Launcher" [_thread_blocked, id=4324, stack(0x9e5af000,0x9e600000)]
  0xa23d0000 JavaThread "JavaFX Application Thread" [_thread_in_native, id=4323, stack(0x9e988000,0x9e9d9000)]
  0xa23cd400 JavaThread "Thread-1" daemon [_thread_blocked, id=4322, stack(0x9e9d9000,0x9ea2a000)]
=>0xa238e400 JavaThread "QuantumRenderer-0" daemon [_thread_in_native, id=4321, stack(0xa292e000,0xa297f000)]
  0xa31ae000 JavaThread "Service Thread" daemon [_thread_blocked, id=4319, stack(0xa3409000,0xa345a000)]
  0xa3199800 JavaThread "C1 CompilerThread3" daemon [_thread_blocked, id=4318, stack(0xa25fe000,0xa267f000)]
  0xa3198000 JavaThread "C2 CompilerThread2" daemon [_thread_blocked, id=4317, stack(0xa267f000,0xa2700000)]
  0xa3196800 JavaThread "C2 CompilerThread1" daemon [_thread_blocked, id=4316, stack(0xa297f000,0xa2a00000)]
  0xa3194c00 JavaThread "C2 CompilerThread0" daemon [_thread_in_native, id=4315, stack(0xa2b4d000,0xa2bce000)]
  0xa3193400 JavaThread "Signal Dispatcher" daemon [_thread_blocked, id=4314, stack(0xa602e000,0xa607f000)]
  0xa3178400 JavaThread "Finalizer" daemon [_thread_blocked, id=4313, stack(0xa622e000,0xa627f000)]
  0xa3175800 JavaThread "Reference Handler" daemon [_thread_blocked, id=4312, stack(0xa642e000,0xa647f000)]
  0xf6507400 JavaThread "main" [_thread_blocked, id=4302, stack(0xf667d000,0xf66ce000)]

Other Threads:
  0xa3171000 VMThread [stack: 0xa345a000,0xa34db000] [id=4311]
  0xa31afc00 WatcherThread [stack: 0xa257d000,0xa25fe000] [id=4320]

VM state:not at safepoint (normal execution)

VM Mutex/Monitor currently owned by a thread: None

Heap:
 PSYoungGen      total 18944K, used 5826K [0xd1ac0000, 0xd3bc0000, 0xe7000000)
  eden space 16384K, 19% used [0xd1ac0000,0xd1df1198,0xd2ac0000)
  from space 2560K, 99% used [0xd2b00000,0xd2d7f7f0,0xd2d80000)
  to   space 6144K, 0% used [0xd35c0000,0xd35c0000,0xd3bc0000)
 ParOldGen       total 43776K, used 7168K [0xa7000000, 0xa9ac0000, 0xd1ac0000)
  object space 43776K, 16% used [0xa7000000,0xa7700358,0xa9ac0000)
 Metaspace       used 11594K, capacity 12180K, committed 12312K, reserved 12592K

Card table byte_map: [0xa6dff000,0xa7000000] byte_map_base: 0xa68c7000

Marking Bits: (ParMarkBitMap*) 0xf7117bc0
 Begin Bits: [0xa3f00000, 0xa4f00000)
 End Bits:   [0xa4f00000, 0xa5f00000)

Polling page: 0xf7725000

CodeCache: size=245760Kb used=8701Kb max_used=8849Kb free=237058Kb
 bounds [0xe74f3000, 0xe7da3000, 0xf64f3000]
 total_blobs=3599 nmethods=3198 adapters=313
 compilation: enabled

Compilation events (10 events):
Event: 817,502 Thread 0xa3199800 3481       3       javafx.scene.layout.Region::snapSpace (9 bytes)
Event: 817,503 Thread 0xa3199800 nmethod 3481 0xe75b5908 code [0xe75b5a20, 0xe75b5c2c]
Event: 817,504 Thread 0xa3199800 3482       3       javafx.scene.layout.Region::computeYOffset (64 bytes)
Event: 817,504 Thread 0xa3199800 nmethod 3482 0xe7d86748 code [0xe7d868a0, 0xe7d86aec]
Event: 817,505 Thread 0xa3199800 3483       3       javafx.scene.layout.Region::computeXOffset (60 bytes)
Event: 817,506 Thread 0xa3199800 nmethod 3483 0xe7690d08 code [0xe7690e60, 0xe76910ac]
Event: 817,506 Thread 0xa3199800 3484       3       javafx.scene.layout.Region::snapPosition (14 bytes)
Event: 817,507 Thread 0xa3199800 nmethod 3484 0xe75a6bc8 code [0xe75a6ce0, 0xe75a6dec]
Event: 817,507 Thread 0xa3199800 3485       3       javafx.scene.layout.CornerRadii::getTopLeftHorizontalRadius (5 bytes)
Event: 817,507 Thread 0xa3199800 nmethod 3485 0xe7641fc8 code [0xe76420e0, 0xe76421c0]

GC Heap History (10 events):
Event: 0,404 GC heap before
{Heap before GC invocations=1 (full 0):
 PSYoungGen      total 19200K, used 16640K [0xd1ac0000, 0xd3000000, 0xe7000000)
  eden space 16640K, 100% used [0xd1ac0000,0xd2b00000,0xd2b00000)
  from space 2560K, 0% used [0xd2d80000,0xd2d80000,0xd3000000)
  to   space 2560K, 0% used [0xd2b00000,0xd2b00000,0xd2d80000)
 ParOldGen       total 43776K, used 0K [0xa7000000, 0xa9ac0000, 0xd1ac0000)
  object space 43776K, 0% used [0xa7000000,0xa7000000,0xa9ac0000)
 Metaspace       used 7592K, capacity 7988K, committed 8088K, reserved 8496K
Event: 0,409 GC heap after
Heap after GC invocations=1 (full 0):
 PSYoungGen      total 19200K, used 2240K [0xd1ac0000, 0xd4040000, 0xe7000000)
  eden space 16640K, 0% used [0xd1ac0000,0xd1ac0000,0xd2b00000)
  from space 2560K, 87% used [0xd2b00000,0xd2d30338,0xd2d80000)
  to   space 2560K, 0% used [0xd3dc0000,0xd3dc0000,0xd4040000)
 ParOldGen       total 43776K, used 8K [0xa7000000, 0xa9ac0000, 0xd1ac0000)
  object space 43776K, 0% used [0xa7000000,0xa7002000,0xa9ac0000)
 Metaspace       used 7592K, capacity 7988K, committed 8088K, reserved 8496K
}
Event: 711,089 GC heap before
{Heap before GC invocations=2 (full 0):
 PSYoungGen      total 19200K, used 18880K [0xd1ac0000, 0xd4040000, 0xe7000000)
  eden space 16640K, 100% used [0xd1ac0000,0xd2b00000,0xd2b00000)
  from space 2560K, 87% used [0xd2b00000,0xd2d30338,0xd2d80000)
  to   space 2560K, 0% used [0xd3dc0000,0xd3dc0000,0xd4040000)
 ParOldGen       total 43776K, used 8K [0xa7000000, 0xa9ac0000, 0xd1ac0000)
  object space 43776K, 0% used [0xa7000000,0xa7002000,0xa9ac0000)
 Metaspace       used 10521K, capacity 11084K, committed 11160K, reserved 11568K
Event: 711,095 GC heap after
Heap after GC invocations=2 (full 0):
 PSYoungGen      total 19200K, used 2547K [0xd1ac0000, 0xd4040000, 0xe7000000)
  eden space 16640K, 0% used [0xd1ac0000,0xd1ac0000,0xd2b00000)
  from space 2560K, 99% used [0xd3dc0000,0xd403cd98,0xd4040000)
  to   space 2560K, 0% used [0xd2b00000,0xd2b00000,0xd2d80000)
 ParOldGen       total 43776K, used 4066K [0xa7000000, 0xa9ac0000, 0xd1ac0000)
  object space 43776K, 9% used [0xa7000000,0xa73f89b0,0xa9ac0000)
 Metaspace       used 10521K, capacity 11084K, committed 11160K, reserved 11568K
}
Event: 732,406 GC heap before
{Heap before GC invocations=3 (full 0):
 PSYoungGen      total 19200K, used 19187K [0xd1ac0000, 0xd4040000, 0xe7000000)
  eden space 16640K, 100% used [0xd1ac0000,0xd2b00000,0xd2b00000)
  from space 2560K, 99% used [0xd3dc0000,0xd403cd98,0xd4040000)
  to   space 2560K, 0% used [0xd2b00000,0xd2b00000,0xd2d80000)
 ParOldGen       total 43776K, used 4066K [0xa7000000, 0xa9ac0000, 0xd1ac0000)
  object space 43776K, 9% used [0xa7000000,0xa73f89b0,0xa9ac0000)
 Metaspace       used 10960K, capacity 11545K, committed 11672K, reserved 12592K
Event: 732,411 GC heap after
Heap after GC invocations=3 (full 0):
 PSYoungGen      total 19200K, used 2555K [0xd1ac0000, 0xd3e00000, 0xe7000000)
  eden space 16640K, 0% used [0xd1ac0000,0xd1ac0000,0xd2b00000)
  from space 2560K, 99% used [0xd2b00000,0xd2d7eda8,0xd2d80000)
  to   space 2560K, 0% used [0xd3b80000,0xd3b80000,0xd3e00000)
 ParOldGen       total 43776K, used 5546K [0xa7000000, 0xa9ac0000, 0xd1ac0000)
  object space 43776K, 12% used [0xa7000000,0xa756a988,0xa9ac0000)
 Metaspace       used 10960K, capacity 11545K, committed 11672K, reserved 12592K
}
Event: 751,725 GC heap before
{Heap before GC invocations=4 (full 0):
 PSYoungGen      total 19200K, used 19195K [0xd1ac0000, 0xd3e00000, 0xe7000000)
  eden space 16640K, 100% used [0xd1ac0000,0xd2b00000,0xd2b00000)
  from space 2560K, 99% used [0xd2b00000,0xd2d7eda8,0xd2d80000)
  to   space 2560K, 0% used [0xd3b80000,0xd3b80000,0xd3e00000)
 ParOldGen       total 43776K, used 5546K [0xa7000000, 0xa9ac0000, 0xd1ac0000)
  object space 43776K, 12% used [0xa7000000,0xa756a988,0xa9ac0000)
 Metaspace       used 11044K, capacity 11643K, committed 11672K, reserved 12592K
Event: 751,730 GC heap after
Heap after GC invocations=4 (full 0):
 PSYoungGen      total 19200K, used 2557K [0xd1ac0000, 0xd3e00000, 0xe7000000)
  eden space 16640K, 0% used [0xd1ac0000,0xd1ac0000,0xd2b00000)
  from space 2560K, 99% used [0xd3b80000,0xd3dff5f0,0xd3e00000)
  to   space 2560K, 0% used [0xd2b00000,0xd2b00000,0xd2d80000)
 ParOldGen       total 43776K, used 6106K [0xa7000000, 0xa9ac0000, 0xd1ac0000)
  object space 43776K, 13% used [0xa7000000,0xa75f6988,0xa9ac0000)
 Metaspace       used 11044K, capacity 11643K, committed 11672K, reserved 12592K
}
Event: 805,052 GC heap before
{Heap before GC invocations=5 (full 0):
 PSYoungGen      total 19200K, used 19197K [0xd1ac0000, 0xd3e00000, 0xe7000000)
  eden space 16640K, 100% used [0xd1ac0000,0xd2b00000,0xd2b00000)
  from space 2560K, 99% used [0xd3b80000,0xd3dff5f0,0xd3e00000)
  to   space 2560K, 0% used [0xd2b00000,0xd2b00000,0xd2d80000)
 ParOldGen       total 43776K, used 6106K [0xa7000000, 0xa9ac0000, 0xd1ac0000)
  object space 43776K, 13% used [0xa7000000,0xa75f6988,0xa9ac0000)
 Metaspace       used 11593K, capacity 12180K, committed 12312K, reserved 12592K
Event: 805,058 GC heap after
Heap after GC invocations=5 (full 0):
 PSYoungGen      total 18944K, used 2557K [0xd1ac0000, 0xd3bc0000, 0xe7000000)
  eden space 16384K, 0% used [0xd1ac0000,0xd1ac0000,0xd2ac0000)
  from space 2560K, 99% used [0xd2b00000,0xd2d7f7f0,0xd2d80000)
  to   space 6144K, 0% used [0xd35c0000,0xd35c0000,0xd3bc0000)
 ParOldGen       total 43776K, used 7168K [0xa7000000, 0xa9ac0000, 0xd1ac0000)
  object space 43776K, 16% used [0xa7000000,0xa7700358,0xa9ac0000)
 Metaspace       used 11593K, capacity 12180K, committed 12312K, reserved 12592K
}

Deoptimization events (10 events):
Event: 751,758 Thread 0xa23d0000 Uncommon trap: reason=array_check action=maybe_recompile pc=0xe7964ae8 method=java.util.TimSort.mergeHi(IIII)V @ 250
Event: 752,175 Thread 0xa23d0000 Uncommon trap: reason=array_check action=maybe_recompile pc=0xe7888ec4 method=java.util.TimSort.mergeHi(IIII)V @ 419
Event: 752,192 Thread 0xa23d0000 Uncommon trap: reason=array_check action=maybe_recompile pc=0xe7888d94 method=java.util.TimSort.mergeHi(IIII)V @ 657
Event: 752,192 Thread 0xa23d0000 Uncommon trap: reason=array_check action=maybe_recompile pc=0xe7888ec4 method=java.util.TimSort.mergeHi(IIII)V @ 419
Event: 752,242 Thread 0xa23d0000 Uncommon trap: reason=array_check action=maybe_recompile pc=0xe77ae9fc method=java.util.TimSort.mergeHi(IIII)V @ 524
Event: 752,258 Thread 0xa23d0000 Uncommon trap: reason=array_check action=maybe_recompile pc=0xe77ae9fc method=java.util.TimSort.mergeHi(IIII)V @ 524
Event: 756,175 Thread 0xa23d0000 Uncommon trap: reason=class_check action=maybe_recompile pc=0xe7d29e3c method=javafx.scene.Parent.createCachedBounds(Ljava/util/List;)V @ 1
Event: 756,177 Thread 0xa238e400 Uncommon trap: reason=unstable_if action=reinterpret pc=0xe7cef04c method=com.sun.javafx.sg.prism.NGNode.render(Lcom/sun/prism/Graphics;)V @ 28
Event: 756,177 Thread 0xa238e400 Uncommon trap: reason=unstable_if action=reinterpret pc=0xe7bc34dc method=com.sun.javafx.sg.prism.NGNode.render(Lcom/sun/prism/Graphics;)V @ 28
Event: 783,808 Thread 0xa23d0000 Uncommon trap: reason=unstable_if action=reinterpret pc=0xe7bae190 method=javafx.scene.Node$MiscProperties.invalidateBoundsInParent()V @ 4

Internal exceptions (10 events):
Event: 0,111 Thread 0xf6507400 Exception <a 'java/security/PrivilegedActionException'> (0xd1cf2150) thrown at [/HUDSON/workspace/8-2-build-linux-i586/jdk8u91/6644/hotspot/src/share/vm/prims/jvm.cpp, line 1386]
Event: 0,111 Thread 0xf6507400 Exception <a 'java/security/PrivilegedActionException'> (0xd1cf2350) thrown at [/HUDSON/workspace/8-2-build-linux-i586/jdk8u91/6644/hotspot/src/share/vm/prims/jvm.cpp, line 1386]
Event: 0,111 Thread 0xf6507400 Exception <a 'java/security/PrivilegedActionException'> (0xd1cf4418) thrown at [/HUDSON/workspace/8-2-build-linux-i586/jdk8u91/6644/hotspot/src/share/vm/prims/jvm.cpp, line 1386]
Event: 0,111 Thread 0xf6507400 Exception <a 'java/security/PrivilegedActionException'> (0xd1cf4618) thrown at [/HUDSON/workspace/8-2-build-linux-i586/jdk8u91/6644/hotspot/src/share/vm/prims/jvm.cpp, line 1386]
Event: 0,111 Thread 0xf6507400 Exception <a 'java/lang/NullPointerException'> (0xd1cf4b80) thrown at [/HUDSON/workspace/8-2-build-linux-i586/jdk8u91/6644/hotspot/src/share/vm/interpreter/linkResolver.cpp, line 1178]
Event: 0,269 Thread 0xa23d0000 Exception <a 'java/lang/NullPointerException'> (0xd2509760) thrown at [/HUDSON/workspace/8-2-build-linux-i586/jdk8u91/6644/hotspot/src/share/vm/interpreter/linkResolver.cpp, line 1178]
Event: 0,269 Thread 0xa23d0000 Exception <a 'java/lang/NullPointerException'> (0xd2509760) thrown at [/HUDSON/workspace/8-2-build-linux-i586/jdk8u91/6644/hotspot/src/share/vm/prims/jvm.cpp, line 1390]
Event: 707,640 Thread 0xa23d0000 Exception <a 'java/lang/UnsatisfiedLinkError': com.sun.media.jfxmediaimpl.NativeAudioClip.nacInit()Z> (0xd25171c8) thrown at [/HUDSON/workspace/8-2-build-linux-i586/jdk8u91/6644/hotspot/src/share/vm/prims/nativeLookup.cpp, line 378]
Event: 707,641 Thread 0xa23d0000 Exception <a 'java/lang/UnsatisfiedLinkError': com.sun.media.jfxmedia.logging.Logger.nativeSetNativeLevel(I)V> (0xd251b068) thrown at [/HUDSON/workspace/8-2-build-linux-i586/jdk8u91/6644/hotspot/src/share/vm/prims/nativeLookup.cpp, line 378]
Event: 783,808 Thread 0xa23d0000 Implicit null exception at 0xe7bae101 to 0xe7bae181

Events (10 events):
Event: 817,507 Thread 0xa3199800 flushing nmethod 0xe778e9c8
Event: 817,507 Thread 0xa3199800 flushing nmethod 0xe778ed88
Event: 817,507 Thread 0xa3199800 flushing nmethod 0xe77930c8
Event: 817,507 Thread 0xa3199800 flushing nmethod 0xe77956c8
Event: 817,507 Thread 0xa3199800 flushing nmethod 0xe77a8008
Event: 817,507 Thread 0xa3199800 flushing nmethod 0xe77b18c8
Event: 817,508 Thread 0xa3199800 flushing nmethod 0xe77b8448
Event: 817,508 Thread 0xa3199800 flushing nmethod 0xe77c0608
Event: 817,508 Thread 0xa3199800 flushing nmethod 0xe77c2108
Event: 817,508 Thread 0xa3199800 flushing nmethod 0xe77cc108


Dynamic libraries:
08048000-08049000 r-xp 00000000 08:02 528052                             /home/jorge/jdk1.8.0_91/jre/bin/java
08049000-0804a000 rw-p 00000000 08:02 528052                             /home/jorge/jdk1.8.0_91/jre/bin/java
0a001000-0a78f000 rw-p 00000000 00:00 0                                  [heap]
9b400000-9b600000 rw-s 113d9e000 00:06 1284                              /dev/dri/card1
9b600000-9b800000 rw-s 1142e4000 00:06 1284                              /dev/dri/card1
9b800000-9ba00000 rw-s 10f247000 00:06 1284                              /dev/dri/card1
9ba00000-9baff000 rw-p 00000000 00:00 0 
9baff000-9bb00000 ---p 00000000 00:00 0 
9bb00000-9bbc0000 rw-p 00000000 00:00 0 
9bbc0000-9bc00000 ---p 00000000 00:00 0 
9bc00000-9bcfa000 rw-p 00000000 00:00 0 
9bcfa000-9bd00000 ---p 00000000 00:00 0 
9bd00000-9bd29000 rw-p 00000000 00:00 0 
9bd29000-9be00000 ---p 00000000 00:00 0 
9be00000-9befe000 rw-p 00000000 00:00 0 
9befe000-9bf00000 ---p 00000000 00:00 0 
9bf00000-9bfe4000 rw-p 00000000 00:00 0 
9bfe4000-9c000000 ---p 00000000 00:00 0 
9c000000-9c0f8000 rw-p 00000000 00:00 0 
9c0f8000-9c100000 ---p 00000000 00:00 0 
9c1c8000-9c248000 rw-s 10fbbd000 00:06 1284                              /dev/dri/card1
9c248000-9c27d000 r-xp 00000000 08:02 527754                             /home/jorge/jdk1.8.0_91/jre/lib/i386/libjavafx_iio.so
9c27d000-9c27e000 rw-p 00034000 08:02 527754                             /home/jorge/jdk1.8.0_91/jre/lib/i386/libjavafx_iio.so
9c27e000-9c37e000 rw-p 00000000 00:00 0 
9c37e000-9c59f000 rw-p 00000000 00:00 0 
9c59f000-9c5a2000 ---p 00000000 00:00 0 
9c5a2000-9c5f0000 rw-p 00000000 00:00 0                                  [stack:4453]
9c5f0000-9c6e1000 r-xp 00000000 08:02 18391875                           /usr/lib/i386-linux-gnu/libasound.so.2.0.0
9c6e1000-9c6e5000 r--p 000f0000 08:02 18391875                           /usr/lib/i386-linux-gnu/libasound.so.2.0.0
9c6e5000-9c6e6000 rw-p 000f4000 08:02 18391875                           /usr/lib/i386-linux-gnu/libasound.so.2.0.0
9c706000-9c855000 r-xp 00000000 08:02 527685                             /home/jorge/jdk1.8.0_91/jre/lib/i386/libgstreamer-lite.so
9c855000-9c85d000 rw-p 0014e000 08:02 527685                             /home/jorge/jdk1.8.0_91/jre/lib/i386/libgstreamer-lite.so
9c85d000-9c85e000 rw-p 00000000 00:00 0 
9c85e000-9c861000 ---p 00000000 00:00 0 
9c861000-9c8af000 rw-p 00000000 00:00 0 
9c8af000-9c8b2000 ---p 00000000 00:00 0 
9c8b2000-9c900000 rw-p 00000000 00:00 0 
9c900000-9c987000 rw-p 00000000 00:00 0 
9c987000-9ca00000 ---p 00000000 00:00 0 
9ca07000-9ca2e000 r-xp 00000000 08:02 527803                             /home/jorge/jdk1.8.0_91/jre/lib/i386/libjfxmedia.so
9ca2e000-9ca2f000 rw-p 00026000 08:02 527803                             /home/jorge/jdk1.8.0_91/jre/lib/i386/libjfxmedia.so
9ca2f000-9ca32000 ---p 00000000 00:00 0 
9ca32000-9ca80000 rw-p 00000000 00:00 0 
9ca80000-9cb00000 rw-s 10fabd000 00:06 1284                              /dev/dri/card1
9cb00000-9cd00000 rw-s 116804000 00:06 1284                              /dev/dri/card1
9cd00000-9d700000 rwxp 00000000 00:00 0 
9d700000-9d800000 rw-p 00000000 00:00 0 
9d800000-9d900000 rw-p 00000000 00:00 0 
9d900000-9d9fd000 rw-p 00000000 00:00 0 
9d9fd000-9da00000 ---p 00000000 00:00 0 
9da14000-9da15000 rw-p 00000000 00:00 0 
9da15000-9da1b000 r--s 002f8000 08:02 527934                             /home/jorge/jdk1.8.0_91/jre/lib/charsets.jar
9da1b000-9da1e000 ---p 00000000 00:00 0 
9da1e000-9da6c000 rw-p 00000000 00:00 0 
9da6c000-9daec000 rw-s 10fb3d000 00:06 1284                              /dev/dri/card1
9daec000-9db96000 r--p 00000000 08:02 19700964                           /usr/share/fonts/truetype/dejavu/DejaVuSans-Bold.ttf
9db96000-9db99000 ---p 00000000 00:00 0 
9db99000-9dce7000 rw-p 00000000 00:00 0                                  [stack:4325]
9dce7000-9dd9d000 r--p 00000000 08:02 19700968                           /usr/share/fonts/truetype/dejavu/DejaVuSans.ttf
9dd9d000-9ddf2000 r--p 00000000 08:02 527634                             /home/jorge/jdk1.8.0_91/jre/lib/fonts/LucidaBrightRegular.ttf
9ddf2000-9de05000 r--p 00000000 08:02 527628                             /home/jorge/jdk1.8.0_91/jre/lib/fonts/LucidaBrightDemiBold.ttf
9de05000-9de53000 r--p 00000000 08:02 527654                             /home/jorge/jdk1.8.0_91/jre/lib/fonts/LucidaSansDemiBold.ttf
9de53000-9de66000 r--p 00000000 08:02 527616                             /home/jorge/jdk1.8.0_91/jre/lib/fonts/LucidaBrightDemiItalic.ttf
9de66000-9df11000 r--p 00000000 08:02 527668                             /home/jorge/jdk1.8.0_91/jre/lib/fonts/LucidaSansRegular.ttf
9df11000-9df25000 r--p 00000000 08:02 527652                             /home/jorge/jdk1.8.0_91/jre/lib/fonts/LucidaBrightItalic.ttf
9df25000-9df5f000 r--p 00000000 08:02 527627                             /home/jorge/jdk1.8.0_91/jre/lib/fonts/LucidaTypewriterBold.ttf
9df5f000-9df9b000 r--p 00000000 08:02 527613                             /home/jorge/jdk1.8.0_91/jre/lib/fonts/LucidaTypewriterRegular.ttf
9df9b000-9df9f000 r-xp 00000000 08:02 527651                             /home/jorge/jdk1.8.0_91/jre/lib/i386/libjavafx_font_pango.so
9df9f000-9dfa0000 rw-p 00003000 08:02 527651                             /home/jorge/jdk1.8.0_91/jre/lib/i386/libjavafx_font_pango.so
9dfa0000-9e000000 rw-s 00000000 00:05 2490385                            /SYSV00000000 (deleted)
9e000000-9e0fc000 rw-p 00000000 00:00 0 
9e0fc000-9e100000 ---p 00000000 00:00 0 
9e100000-9e200000 rw-p 00000000 00:00 0 
9e200000-9e2fc000 rw-p 00000000 00:00 0 
9e2fc000-9e300000 ---p 00000000 00:00 0 
9e300000-9e305000 r--s 00084000 08:02 528016                             /home/jorge/jdk1.8.0_91/jre/lib/jfr.jar
9e305000-9e33a000 r-xp 00000000 08:02 18518634                           /usr/lib/i386-linux-gnu/gtk-2.0/2.10.0/engines/libmurrine.so
9e33a000-9e33b000 r--p 00034000 08:02 18518634                           /usr/lib/i386-linux-gnu/gtk-2.0/2.10.0/engines/libmurrine.so
9e33b000-9e33c000 rw-p 00035000 08:02 18518634                           /usr/lib/i386-linux-gnu/gtk-2.0/2.10.0/engines/libmurrine.so
9e33c000-9e345000 r-xp 00000000 08:02 18518240                           /usr/lib/i386-linux-gnu/gtk-2.0/2.10.0/engines/libpixmap.so
9e345000-9e346000 r--p 00008000 08:02 18518240                           /usr/lib/i386-linux-gnu/gtk-2.0/2.10.0/engines/libpixmap.so
9e346000-9e347000 rw-p 00009000 08:02 18518240                           /usr/lib/i386-linux-gnu/gtk-2.0/2.10.0/engines/libpixmap.so
9e347000-9e348000 r--s 00000000 08:02 526188                             /home/jorge/.cache/fontconfig/c05880de57d1f5e948fdfacc138775d9-le32d4.cache-4
9e348000-9e350000 r--s 00000000 08:02 526187                             /home/jorge/.cache/fontconfig/945677eb7aeaf62f1d50efc3fb3ec7d8-le32d4.cache-4
9e350000-9e352000 r--s 00000000 08:02 526186                             /home/jorge/.cache/fontconfig/99e8ed0e538f840c565b6ed5dad60d56-le32d4.cache-4
9e352000-9e356000 r--s 00000000 08:02 526185                             /home/jorge/.cache/fontconfig/2cd17615ca594fa2959ae173292e504c-le32d4.cache-4
9e356000-9e357000 r--s 00000000 08:02 526184                             /home/jorge/.cache/fontconfig/e7071f4a29fa870f4323321c154eba04-le32d4.cache-4
9e357000-9e358000 r--s 00000000 08:02 526183                             /home/jorge/.cache/fontconfig/0d8c3b2ac0904cb8a57a757ad11a4a08-le32d4.cache-4
9e358000-9e35d000 r--s 00000000 08:02 526182                             /home/jorge/.cache/fontconfig/a755afe4a08bf5b97852ceb7400b47bc-le32d4.cache-4
9e35d000-9e366000 r--s 00000000 08:02 526181                             /home/jorge/.cache/fontconfig/6d41288fd70b0be22e8c3a91e032eec0-le32d4.cache-4
9e366000-9e375000 r--s 00000000 08:02 526180                             /home/jorge/.cache/fontconfig/04aabc0a78ac019cf9454389977116d2-le32d4.cache-4
9e375000-9e376000 r--s 00000000 08:02 526179                             /home/jorge/.cache/fontconfig/1ac9eb803944fde146138c791f5cc56a-le32d4.cache-4
9e376000-9e379000 r--s 00000000 08:02 526178                             /home/jorge/.cache/fontconfig/385c0604a188198f04d133e54aba7fe7-le32d4.cache-4
9e379000-9e37a000 r--s 00000000 08:02 526177                             /home/jorge/.cache/fontconfig/dc05db6664285cc2f12bf69c139ae4c3-le32d4.cache-4
9e37a000-9e37c000 r--s 00000000 08:02 526176                             /home/jorge/.cache/fontconfig/767a8244fc0220cfb567a839d0392e0b-le32d4.cache-4
9e37c000-9e389000 r--s 00000000 08:02 526174                             /home/jorge/.cache/fontconfig/0bd3dc0958fa2205aaaa8ebb13e2872b-le32d4.cache-4
9e389000-9e38d000 r--s 00000000 08:02 526173                             /home/jorge/.cache/fontconfig/8801497958630a81b71ace7c5f9b32a8-le32d4.cache-4
9e38d000-9e392000 r--s 00000000 08:02 526172                             /home/jorge/.cache/fontconfig/3047814df9a2f067bd2d96a2b9c36e5a-le32d4.cache-4
9e392000-9e396000 r--s 00000000 08:02 526169                             /home/jorge/.cache/fontconfig/b47c4e1ecd0709278f4910c18777a504-le32d4.cache-4
9e396000-9e3a6000 r--s 00000000 08:02 526167                             /home/jorge/.cache/fontconfig/d52a8644073d54c13679302ca1180695-le32d4.cache-4
9e3a6000-9e3af000 r--s 00000000 08:02 526164                             /home/jorge/.cache/fontconfig/d589a48862398ed80a3d6066f4f56f4c-le32d4.cache-4
9e3af000-9e4af000 rw-p 00000000 00:00 0 
9e4af000-9e5af000 rw-p 00000000 00:00 0 
9e5af000-9e5b2000 ---p 00000000 00:00 0 
9e5b2000-9e600000 rw-p 00000000 00:00 0                                  [stack:4324]
9e600000-9e700000 rw-p 00000000 00:00 0 
9e700000-9e800000 rw-p 00000000 00:00 0 
9e800000-9e900000 rw-p 00000000 00:00 0 
9e900000-9e901000 r--s 00000000 08:02 526175                             /home/jorge/.cache/fontconfig/4794a0821666d79190d59a36cb4f44b5-le32d4.cache-4
9e901000-9e908000 r--s 00000000 08:02 526165                             /home/jorge/.cache/fontconfig/3f7329c5293ffd510edef78f73874cfd-le32d4.cache-4
9e908000-9e988000 rw-s 115d77000 00:06 1284                              /dev/dri/card1
9e988000-9e98b000 ---p 00000000 00:00 0 
9e98b000-9e9d9000 rw-p 00000000 00:00 0                                  [stack:4323]
9e9d9000-9e9dc000 ---p 00000000 00:00 0 
9e9dc000-9ea2a000 rw-p 00000000 00:00 0                                  [stack:4322]
9ea2a000-9ea4e000 r-xp 00000000 08:02 527853                             /home/jorge/jdk1.8.0_91/jre/lib/i386/libglass.so
9ea4e000-9ea50000 rw-p 00024000 08:02 527853                             /home/jorge/jdk1.8.0_91/jre/lib/i386/libglass.so
9ea50000-9ead0000 rw-s 112ef8000 00:06 1284                              /dev/dri/card1
9ead0000-9eb05000 r-xp 00000000 08:02 18392218                           /usr/lib/i386-linux-gnu/libtxc_dxtn_s2tc.so.0.0.0
9eb05000-9eb06000 r--p 00034000 08:02 18392218                           /usr/lib/i386-linux-gnu/libtxc_dxtn_s2tc.so.0.0.0
9eb06000-9eb07000 rw-p 00035000 08:02 18392218                           /usr/lib/i386-linux-gnu/libtxc_dxtn_s2tc.so.0.0.0
9eb07000-9eb25000 r-xp 00000000 08:02 49117869                           /lib/i386-linux-gnu/libtinfo.so.5.9
9eb25000-9eb26000 ---p 0001e000 08:02 49117869                           /lib/i386-linux-gnu/libtinfo.so.5.9
9eb26000-9eb28000 r--p 0001e000 08:02 49117869                           /lib/i386-linux-gnu/libtinfo.so.5.9
9eb28000-9eb29000 rw-p 00020000 08:02 49117869                           /lib/i386-linux-gnu/libtinfo.so.5.9
9eb29000-9eb50000 r-xp 00000000 08:02 18391934                           /usr/lib/i386-linux-gnu/libedit.so.2.0.47
9eb50000-9eb51000 ---p 00027000 08:02 18391934                           /usr/lib/i386-linux-gnu/libedit.so.2.0.47
9eb51000-9eb52000 r--p 00027000 08:02 18391934                           /usr/lib/i386-linux-gnu/libedit.so.2.0.47
9eb52000-9eb53000 rw-p 00028000 08:02 18391934                           /usr/lib/i386-linux-gnu/libedit.so.2.0.47
9eb53000-9eb55000 rw-p 00000000 00:00 0 
9eb55000-a08b9000 r-xp 00000000 08:02 18391754                           /usr/lib/i386-linux-gnu/libLLVM-3.6.so.1
a08b9000-a0a32000 r--p 01d63000 08:02 18391754                           /usr/lib/i386-linux-gnu/libLLVM-3.6.so.1
a0a32000-a0a36000 rw-p 01edc000 08:02 18391754                           /usr/lib/i386-linux-gnu/libLLVM-3.6.so.1
a0a36000-a0a42000 rw-p 00000000 00:00 0 
a0a42000-a0a58000 r-xp 00000000 08:02 18391935                           /usr/lib/i386-linux-gnu/libelf-0.158.so
a0a58000-a0a59000 r--p 00015000 08:02 18391935                           /usr/lib/i386-linux-gnu/libelf-0.158.so
a0a59000-a0a5a000 rw-p 00016000 08:02 18391935                           /usr/lib/i386-linux-gnu/libelf-0.158.so
a0a5a000-a0a65000 r-xp 00000000 08:02 18390208                           /usr/lib/i386-linux-gnu/libdrm_radeon.so.1.0.1
a0a65000-a0a66000 r--p 0000a000 08:02 18390208                           /usr/lib/i386-linux-gnu/libdrm_radeon.so.1.0.1
a0a66000-a0a67000 rw-p 0000b000 08:02 18390208                           /usr/lib/i386-linux-gnu/libdrm_radeon.so.1.0.1
a0a67000-a0a6d000 r-xp 00000000 08:02 18390204                           /usr/lib/i386-linux-gnu/libdrm_nouveau.so.2.0.0
a0a6d000-a0a6e000 r--p 00005000 08:02 18390204                           /usr/lib/i386-linux-gnu/libdrm_nouveau.so.2.0.0
a0a6e000-a0a6f000 rw-p 00006000 08:02 18390204                           /usr/lib/i386-linux-gnu/libdrm_nouveau.so.2.0.0
a0a6f000-a11fc000 r-xp 00000000 08:02 18518218                           /usr/lib/i386-linux-gnu/dri/nouveau_dri.so
a11fc000-a11fd000 ---p 0078d000 08:02 18518218                           /usr/lib/i386-linux-gnu/dri/nouveau_dri.so
a11fd000-a1239000 r--p 0078d000 08:02 18518218                           /usr/lib/i386-linux-gnu/dri/nouveau_dri.so
a1239000-a1242000 rw-p 007c9000 08:02 18518218                           /usr/lib/i386-linux-gnu/dri/nouveau_dri.so
a1242000-a1425000 rw-p 00000000 00:00 0 
a1425000-a146e000 r-xp 00000000 08:02 49117803                           /lib/i386-linux-gnu/libdbus-1.so.3.7.6
a146e000-a146f000 r--p 00048000 08:02 49117803                           /lib/i386-linux-gnu/libdbus-1.so.3.7.6
a146f000-a1470000 rw-p 00049000 08:02 49117803                           /lib/i386-linux-gnu/libdbus-1.so.3.7.6
a1470000-a1478000 r-xp 00000000 08:02 49117831                           /lib/i386-linux-gnu/libnih-dbus.so.1.0.0
a1478000-a1479000 r--p 00007000 08:02 49117831                           /lib/i386-linux-gnu/libnih-dbus.so.1.0.0
a1479000-a147a000 rw-p 00008000 08:02 49117831                           /lib/i386-linux-gnu/libnih-dbus.so.1.0.0
a147a000-a1491000 r-xp 00000000 08:02 49117833                           /lib/i386-linux-gnu/libnih.so.1.0.0
a1491000-a1492000 r--p 00016000 08:02 49117833                           /lib/i386-linux-gnu/libnih.so.1.0.0
a1492000-a1493000 rw-p 00017000 08:02 49117833                           /lib/i386-linux-gnu/libnih.so.1.0.0
a1493000-a14af000 r-xp 00000000 08:02 49117793                           /lib/i386-linux-gnu/libcgmanager.so.0.0.0
a14af000-a14b0000 r--p 0001b000 08:02 49117793                           /lib/i386-linux-gnu/libcgmanager.so.0.0.0
a14b0000-a14b1000 rw-p 0001c000 08:02 49117793                           /lib/i386-linux-gnu/libcgmanager.so.0.0.0
a14b1000-a14c2000 r-xp 00000000 08:02 49117871                           /lib/i386-linux-gnu/libudev.so.1.3.5
a14c2000-a14c3000 r--p 00010000 08:02 49117871                           /lib/i386-linux-gnu/libudev.so.1.3.5
a14c3000-a14c4000 rw-p 00011000 08:02 49117871                           /lib/i386-linux-gnu/libudev.so.1.3.5
a14c4000-a14cb000 r-xp 00000000 08:02 18391920                           /usr/lib/i386-linux-gnu/libdatrie.so.1.3.1
a14cb000-a14cc000 r--p 00006000 08:02 18391920                           /usr/lib/i386-linux-gnu/libdatrie.so.1.3.1
a14cc000-a14cd000 rw-p 00007000 08:02 18391920                           /usr/lib/i386-linux-gnu/libdatrie.so.1.3.1
a14cd000-a14d2000 r-xp 00000000 08:02 18391839                           /usr/lib/i386-linux-gnu/libXdmcp.so.6.0.0
a14d2000-a14d3000 r--p 00004000 08:02 18391839                           /usr/lib/i386-linux-gnu/libXdmcp.so.6.0.0
a14d3000-a14d4000 rw-p 00005000 08:02 18391839                           /usr/lib/i386-linux-gnu/libXdmcp.so.6.0.0
a14d4000-a14f7000 r-xp 00000000 08:02 18386996                           /usr/lib/i386-linux-gnu/libgraphite2.so.3.0.1
a14f7000-a14f8000 ---p 00023000 08:02 18386996                           /usr/lib/i386-linux-gnu/libgraphite2.so.3.0.1
a14f8000-a14f9000 r--p 00023000 08:02 18386996                           /usr/lib/i386-linux-gnu/libgraphite2.so.3.0.1
a14f9000-a14fa000 rw-p 00024000 08:02 18386996                           /usr/lib/i386-linux-gnu/libgraphite2.so.3.0.1
a14fa000-a1507000 r-xp 00000000 08:02 18390190                           /usr/lib/i386-linux-gnu/libdrm.so.2.4.0
a1507000-a1508000 r--p 0000c000 08:02 18390190                           /usr/lib/i386-linux-gnu/libdrm.so.2.4.0
a1508000-a1509000 rw-p 0000d000 08:02 18390190                           /usr/lib/i386-linux-gnu/libdrm.so.2.4.0
a1509000-a151f000 r-xp 00000000 08:02 18392247                           /usr/lib/i386-linux-gnu/libxcb-glx.so.0.0.0
a151f000-a1520000 r--p 00016000 08:02 18392247                           /usr/lib/i386-linux-gnu/libxcb-glx.so.0.0.0
a1520000-a1521000 rw-p 00017000 08:02 18392247                           /usr/lib/i386-linux-gnu/libxcb-glx.so.0.0.0
a1521000-a1532000 r-xp 00000000 08:02 18391978                           /usr/lib/i386-linux-gnu/libglapi.so.0.0.0
a1532000-a1534000 r--p 00011000 08:02 18391978                           /usr/lib/i386-linux-gnu/libglapi.so.0.0.0
a1534000-a1539000 rwxp 00013000 08:02 18391978                           /usr/lib/i386-linux-gnu/libglapi.so.0.0.0
a1539000-a153a000 rwxp 00000000 00:00 0 
a153a000-a1576000 r-xp 00000000 08:02 49121008                           /lib/i386-linux-gnu/libpcre.so.3.13.1
a1576000-a1577000 r--p 0003b000 08:02 49121008                           /lib/i386-linux-gnu/libpcre.so.3.13.1
a1577000-a1578000 rw-p 0003c000 08:02 49121008                           /lib/i386-linux-gnu/libpcre.so.3.13.1
a1578000-a159d000 r-xp 00000000 08:02 49117807                           /lib/i386-linux-gnu/libexpat.so.1.6.0
a159d000-a159e000 ---p 00025000 08:02 49117807                           /lib/i386-linux-gnu/libexpat.so.1.6.0
a159e000-a15a0000 r--p 00025000 08:02 49117807                           /lib/i386-linux-gnu/libexpat.so.1.6.0
a15a0000-a15a1000 rw-p 00027000 08:02 49117807                           /lib/i386-linux-gnu/libexpat.so.1.6.0
a15a1000-a15c1000 r-xp 00000000 08:02 18392257                           /usr/lib/i386-linux-gnu/libxcb.so.1.1.0
a15c1000-a15c2000 r--p 0001f000 08:02 18392257                           /usr/lib/i386-linux-gnu/libxcb.so.1.1.0
a15c2000-a15c3000 rw-p 00020000 08:02 18392257                           /usr/lib/i386-linux-gnu/libxcb.so.1.1.0
a15c3000-a15e9000 r-xp 00000000 08:02 49121042                           /lib/i386-linux-gnu/libpng12.so.0.50.0
a15e9000-a15ea000 r--p 00025000 08:02 49121042                           /lib/i386-linux-gnu/libpng12.so.0.50.0
a15ea000-a15eb000 rw-p 00026000 08:02 49121042                           /lib/i386-linux-gnu/libpng12.so.0.50.0
a15eb000-a168e000 r-xp 00000000 08:02 18390186                           /usr/lib/i386-linux-gnu/libpixman-1.so.0.30.2
a168e000-a1693000 r--p 000a3000 08:02 18390186                           /usr/lib/i386-linux-gnu/libpixman-1.so.0.30.2
a1693000-a1694000 rw-p 000a8000 08:02 18390186                           /usr/lib/i386-linux-gnu/libpixman-1.so.0.30.2
a1694000-a16e8000 r-xp 00000000 08:02 18392080                           /usr/lib/i386-linux-gnu/libharfbuzz.so.0.927.0
a16e8000-a16e9000 r--p 00054000 08:02 18392080                           /usr/lib/i386-linux-gnu/libharfbuzz.so.0.927.0
a16e9000-a16ea000 rw-p 00055000 08:02 18392080                           /usr/lib/i386-linux-gnu/libharfbuzz.so.0.927.0
a16ea000-a16fd000 r-xp 00000000 08:02 49121275                           /lib/i386-linux-gnu/libresolv-2.19.so
a16fd000-a16fe000 ---p 00013000 08:02 49121275                           /lib/i386-linux-gnu/libresolv-2.19.so
a16fe000-a16ff000 r--p 00013000 08:02 49121275                           /lib/i386-linux-gnu/libresolv-2.19.so
a16ff000-a1700000 rw-p 00014000 08:02 49121275                           /lib/i386-linux-gnu/libresolv-2.19.so
a1700000-a1702000 rw-p 00000000 00:00 0 
a1702000-a17de000 r-xp 00000000 08:02 18386329                           /usr/lib/i386-linux-gnu/libstdc++.so.6.0.19
a17de000-a17e2000 r--p 000dc000 08:02 18386329                           /usr/lib/i386-linux-gnu/libstdc++.so.6.0.19
a17e2000-a17e3000 rw-p 000e0000 08:02 18386329                           /usr/lib/i386-linux-gnu/libstdc++.so.6.0.19
a17e3000-a17ea000 rw-p 00000000 00:00 0 
a17ea000-a1877000 r-xp 00000000 08:02 18518745                           /usr/lib/i386-linux-gnu/mesa/libGL.so.1.2.0
a1877000-a1879000 r--p 0008c000 08:02 18518745                           /usr/lib/i386-linux-gnu/mesa/libGL.so.1.2.0
a1879000-a187e000 rwxp 0008e000 08:02 18518745                           /usr/lib/i386-linux-gnu/mesa/libGL.so.1.2.0
a187e000-a187f000 rwxp 00000000 00:00 0 
a187f000-a19af000 r-xp 00000000 08:02 18391824                           /usr/lib/i386-linux-gnu/libX11.so.6.3.0
a19af000-a19b0000 r--p 00130000 08:02 18391824                           /usr/lib/i386-linux-gnu/libX11.so.6.3.0
a19b0000-a19b2000 rw-p 00131000 08:02 18391824                           /usr/lib/i386-linux-gnu/libX11.so.6.3.0
a19b2000-a19b3000 rw-p 00000000 00:00 0 
a19b3000-a1abd000 r-xp 00000000 08:02 49117812                           /lib/i386-linux-gnu/libglib-2.0.so.0.4002.0
a1abd000-a1abe000 r--p 00109000 08:02 49117812                           /lib/i386-linux-gnu/libglib-2.0.so.0.4002.0
a1abe000-a1abf000 rw-p 0010a000 08:02 49117812                           /lib/i386-linux-gnu/libglib-2.0.so.0.4002.0
a1abf000-a1b0f000 r-xp 00000000 08:02 18391986                           /usr/lib/i386-linux-gnu/libgobject-2.0.so.0.4002.0
a1b0f000-a1b10000 r--p 0004f000 08:02 18391986                           /usr/lib/i386-linux-gnu/libgobject-2.0.so.0.4002.0
a1b10000-a1b11000 rw-p 00050000 08:02 18391986                           /usr/lib/i386-linux-gnu/libgobject-2.0.so.0.4002.0
a1b11000-a1b4a000 r-xp 00000000 08:02 18391950                           /usr/lib/i386-linux-gnu/libfontconfig.so.1.8.0
a1b4a000-a1b4b000 r--p 00039000 08:02 18391950                           /usr/lib/i386-linux-gnu/libfontconfig.so.1.8.0
a1b4b000-a1b4c000 rw-p 0003a000 08:02 18391950                           /usr/lib/i386-linux-gnu/libfontconfig.so.1.8.0
a1b4c000-a1be7000 r-xp 00000000 08:02 18391956                           /usr/lib/i386-linux-gnu/libfreetype.so.6.11.1
a1be7000-a1beb000 r--p 0009a000 08:02 18391956                           /usr/lib/i386-linux-gnu/libfreetype.so.6.11.1
a1beb000-a1bec000 rw-p 0009e000 08:02 18391956                           /usr/lib/i386-linux-gnu/libfreetype.so.6.11.1
a1bec000-a1d0b000 r-xp 00000000 08:02 18391897                           /usr/lib/i386-linux-gnu/libcairo.so.2.11301.0
a1d0b000-a1d0d000 r--p 0011e000 08:02 18391897                           /usr/lib/i386-linux-gnu/libcairo.so.2.11301.0
a1d0d000-a1d0e000 rw-p 00120000 08:02 18391897                           /usr/lib/i386-linux-gnu/libcairo.so.2.11301.0
a1d0e000-a1d0f000 rw-p 00000000 00:00 0 
a1d0f000-a1e8c000 r-xp 00000000 08:02 18391976                           /usr/lib/i386-linux-gnu/libgio-2.0.so.0.4002.0
a1e8c000-a1e8e000 r--p 0017d000 08:02 18391976                           /usr/lib/i386-linux-gnu/libgio-2.0.so.0.4002.0
a1e8e000-a1e8f000 rw-p 0017f000 08:02 18391976                           /usr/lib/i386-linux-gnu/libgio-2.0.so.0.4002.0
a1e8f000-a1e90000 rw-p 00000000 00:00 0 
a1e90000-a22f8000 r-xp 00000000 08:02 18390175                           /usr/lib/i386-linux-gnu/libgtk-x11-2.0.so.0.2400.23
a22f8000-a22fc000 r--p 00467000 08:02 18390175                           /usr/lib/i386-linux-gnu/libgtk-x11-2.0.so.0.2400.23
a22fc000-a22fe000 rw-p 0046b000 08:02 18390175                           /usr/lib/i386-linux-gnu/libgtk-x11-2.0.so.0.2400.23
a22fe000-a2300000 rw-p 00000000 00:00 0 
a2300000-a23eb000 rw-p 00000000 00:00 0 
a23eb000-a2400000 ---p 00000000 00:00 0 
a2400000-a2401000 r--s 00000000 08:02 526171                             /home/jorge/.cache/fontconfig/56cf4f4769d0f4abc89a4895d7bd3ae1-le32d4.cache-4
a2401000-a2403000 r-xp 00000000 08:02 18391826                           /usr/lib/i386-linux-gnu/libXau.so.6.0.0
a2403000-a2404000 r--p 00001000 08:02 18391826                           /usr/lib/i386-linux-gnu/libXau.so.6.0.0
a2404000-a2405000 rw-p 00002000 08:02 18391826                           /usr/lib/i386-linux-gnu/libXau.so.6.0.0
a2405000-a240a000 r-xp 00000000 08:02 18392255                           /usr/lib/i386-linux-gnu/libxcb-sync.so.1.0.0
a240a000-a240b000 r--p 00004000 08:02 18392255                           /usr/lib/i386-linux-gnu/libxcb-sync.so.1.0.0
a240b000-a240c000 rw-p 00005000 08:02 18392255                           /usr/lib/i386-linux-gnu/libxcb-sync.so.1.0.0
a240c000-a240e000 r-xp 00000000 08:02 18392249                           /usr/lib/i386-linux-gnu/libxcb-present.so.0.0.0
a240e000-a240f000 r--p 00001000 08:02 18392249                           /usr/lib/i386-linux-gnu/libxcb-present.so.0.0.0
a240f000-a2410000 rw-p 00002000 08:02 18392249                           /usr/lib/i386-linux-gnu/libxcb-present.so.0.0.0
a2410000-a2414000 r-xp 00000000 08:02 18392243                           /usr/lib/i386-linux-gnu/libxcb-dri2.so.0.0.0
a2414000-a2415000 r--p 00003000 08:02 18392243                           /usr/lib/i386-linux-gnu/libxcb-dri2.so.0.0.0
a2415000-a2416000 rw-p 00004000 08:02 18392243                           /usr/lib/i386-linux-gnu/libxcb-dri2.so.0.0.0
a2416000-a2436000 r-xp 00000000 08:02 49117861                           /lib/i386-linux-gnu/libselinux.so.1
a2436000-a2437000 r--p 0001f000 08:02 49117861                           /lib/i386-linux-gnu/libselinux.so.1
a2437000-a2438000 rw-p 00020000 08:02 49117861                           /lib/i386-linux-gnu/libselinux.so.1
a2438000-a2439000 rw-p 00000000 00:00 0 
a2439000-a24e5000 r-xp 00000000 08:02 18390177                           /usr/lib/i386-linux-gnu/libgdk-x11-2.0.so.0.2400.23
a24e5000-a24e7000 r--p 000ab000 08:02 18390177                           /usr/lib/i386-linux-gnu/libgdk-x11-2.0.so.0.2400.23
a24e7000-a24e8000 rw-p 000ad000 08:02 18390177                           /usr/lib/i386-linux-gnu/libgdk-x11-2.0.so.0.2400.23
a24e8000-a257d000 r--s 01103000 08:02 527919                             /home/jorge/jdk1.8.0_91/jre/lib/ext/jfxrt.jar
a257d000-a257e000 ---p 00000000 00:00 0 
a257e000-a25fe000 rw-p 00000000 00:00 0                                  [stack:4320]
a25fe000-a2601000 ---p 00000000 00:00 0 
a2601000-a267f000 rw-p 00000000 00:00 0                                  [stack:4318]
a267f000-a2682000 ---p 00000000 00:00 0 
a2682000-a2700000 rw-p 00000000 00:00 0                                  [stack:4317]
a2700000-a27fc000 rw-p 00000000 00:00 0 
a27fc000-a2800000 ---p 00000000 00:00 0 
a2800000-a28f9000 rw-p 00000000 00:00 0 
a28f9000-a2900000 ---p 00000000 00:00 0 
a2900000-a2908000 r-xp 00000000 08:02 18392205                           /usr/lib/i386-linux-gnu/libthai.so.0.2.0
a2908000-a2909000 r--p 00007000 08:02 18392205                           /usr/lib/i386-linux-gnu/libthai.so.0.2.0
a2909000-a290a000 rw-p 00008000 08:02 18392205                           /usr/lib/i386-linux-gnu/libthai.so.0.2.0
a290a000-a2912000 r-xp 00000000 08:02 18392251                           /usr/lib/i386-linux-gnu/libxcb-render.so.0.0.0
a2912000-a2913000 r--p 00008000 08:02 18392251                           /usr/lib/i386-linux-gnu/libxcb-render.so.0.0.0
a2913000-a2914000 rw-p 00009000 08:02 18392251                           /usr/lib/i386-linux-gnu/libxcb-render.so.0.0.0
a2914000-a292c000 r-xp 00000000 08:02 49117881                           /lib/i386-linux-gnu/libz.so.1.2.8
a292c000-a292d000 r--p 00017000 08:02 49117881                           /lib/i386-linux-gnu/libz.so.1.2.8
a292d000-a292e000 rw-p 00018000 08:02 49117881                           /lib/i386-linux-gnu/libz.so.1.2.8
a292e000-a2931000 ---p 00000000 00:00 0 
a2931000-a297f000 rw-p 00000000 00:00 0                                  [stack:4321]
a297f000-a2982000 ---p 00000000 00:00 0 
a2982000-a2a00000 rw-p 00000000 00:00 0                                  [stack:4316]
a2a00000-a2a21000 rw-p 00000000 00:00 0 
a2a21000-a2b00000 ---p 00000000 00:00 0 
a2b00000-a2b4a000 r-xp 00000000 08:02 18392138                           /usr/lib/i386-linux-gnu/libpango-1.0.so.0.3600.3
a2b4a000-a2b4b000 ---p 0004a000 08:02 18392138                           /usr/lib/i386-linux-gnu/libpango-1.0.so.0.3600.3
a2b4b000-a2b4c000 r--p 0004a000 08:02 18392138                           /usr/lib/i386-linux-gnu/libpango-1.0.so.0.3600.3
a2b4c000-a2b4d000 rw-p 0004b000 08:02 18392138                           /usr/lib/i386-linux-gnu/libpango-1.0.so.0.3600.3
a2b4d000-a2b50000 ---p 00000000 00:00 0 
a2b50000-a2bce000 rw-p 00000000 00:00 0                                  [stack:4315]
a2bce000-a2d00000 r--p 002c8000 08:02 18392373                           /usr/lib/locale/locale-archive
a2d00000-a2f00000 r--p 00000000 08:02 18392373                           /usr/lib/locale/locale-archive
a2f00000-a2f21000 rw-p 00000000 00:00 0 
a2f21000-a3000000 ---p 00000000 00:00 0 
a3000000-a30e9000 rw-p 00000000 00:00 0 
a30e9000-a3100000 ---p 00000000 00:00 0 
a3100000-a31fe000 rw-p 00000000 00:00 0 
a31fe000-a3200000 ---p 00000000 00:00 0 
a3200000-a3300000 rw-p 00000000 00:00 0 
a3300000-a33f9000 rw-p 00000000 00:00 0 
a33f9000-a3400000 ---p 00000000 00:00 0 
a3400000-a3402000 r--s 00000000 08:02 526154                             /home/jorge/.cache/fontconfig/e13b20fdb08344e0e664864cc2ede53d-le32d4.cache-4
a3402000-a3407000 r-xp 00000000 08:02 18385973                           /usr/lib/i386-linux-gnu/libffi.so.6.0.1
a3407000-a3408000 r--p 00005000 08:02 18385973                           /usr/lib/i386-linux-gnu/libffi.so.6.0.1
a3408000-a3409000 rw-p 00006000 08:02 18385973                           /usr/lib/i386-linux-gnu/libffi.so.6.0.1
a3409000-a340c000 ---p 00000000 00:00 0 
a340c000-a345a000 rw-p 00000000 00:00 0                                  [stack:4319]
a345a000-a345b000 ---p 00000000 00:00 0 
a345b000-a34db000 rw-p 00000000 00:00 0                                  [stack:4311]
a34db000-a36b4000 r--s 03d1f000 08:02 528029                             /home/jorge/jdk1.8.0_91/jre/lib/rt.jar
a36b4000-a3afa000 rw-p 00000000 00:00 0 
a3afa000-a3b00000 ---p 00000000 00:00 0 
a3b00000-a5f00000 rw-p 00000000 00:00 0 
a5f00000-a5f21000 rw-p 00000000 00:00 0 
a5f21000-a6000000 ---p 00000000 00:00 0 
a6000000-a6002000 r-xp 00000000 08:02 18392245                           /usr/lib/i386-linux-gnu/libxcb-dri3.so.0.0.0
a6002000-a6003000 r--p 00001000 08:02 18392245                           /usr/lib/i386-linux-gnu/libxcb-dri3.so.0.0.0
a6003000-a6004000 rw-p 00002000 08:02 18392245                           /usr/lib/i386-linux-gnu/libxcb-dri3.so.0.0.0
a6004000-a6006000 r-xp 00000000 08:02 18392253                           /usr/lib/i386-linux-gnu/libxcb-shm.so.0.0.0
a6006000-a6007000 r--p 00001000 08:02 18392253                           /usr/lib/i386-linux-gnu/libxcb-shm.so.0.0.0
a6007000-a6008000 rw-p 00002000 08:02 18392253                           /usr/lib/i386-linux-gnu/libxcb-shm.so.0.0.0
a6008000-a6019000 r-xp 00000000 08:02 18391841                           /usr/lib/i386-linux-gnu/libXext.so.6.4.0
a6019000-a601a000 r--p 00010000 08:02 18391841                           /usr/lib/i386-linux-gnu/libXext.so.6.4.0
a601a000-a601b000 rw-p 00011000 08:02 18391841                           /usr/lib/i386-linux-gnu/libXext.so.6.4.0
a601b000-a601d000 r-xp 00000000 08:02 18391837                           /usr/lib/i386-linux-gnu/libXdamage.so.1.1.0
a601d000-a601e000 r--p 00001000 08:02 18391837                           /usr/lib/i386-linux-gnu/libXdamage.so.1.1.0
a601e000-a601f000 rw-p 00002000 08:02 18391837                           /usr/lib/i386-linux-gnu/libXdamage.so.1.1.0
a601f000-a6021000 r-xp 00000000 08:02 18391833                           /usr/lib/i386-linux-gnu/libXcomposite.so.1.0.0
a6021000-a6022000 r--p 00001000 08:02 18391833                           /usr/lib/i386-linux-gnu/libXcomposite.so.1.0.0
a6022000-a6023000 rw-p 00002000 08:02 18391833                           /usr/lib/i386-linux-gnu/libXcomposite.so.1.0.0
a6023000-a602c000 r-xp 00000000 08:02 18391835                           /usr/lib/i386-linux-gnu/libXcursor.so.1.0.2
a602c000-a602d000 r--p 00008000 08:02 18391835                           /usr/lib/i386-linux-gnu/libXcursor.so.1.0.2
a602d000-a602e000 rw-p 00009000 08:02 18391835                           /usr/lib/i386-linux-gnu/libXcursor.so.1.0.2
a602e000-a6031000 ---p 00000000 00:00 0 
a6031000-a607f000 rw-p 00000000 00:00 0                                  [stack:4314]
a607f000-a6080000 ---p 00000000 00:00 0 
a6080000-a6100000 rw-p 00000000 00:00 0                                  [stack:4310]
a6100000-a6121000 rw-p 00000000 00:00 0 
a6121000-a6200000 ---p 00000000 00:00 0 
a6200000-a6201000 r--s 00000000 08:02 526170                             /home/jorge/.cache/fontconfig/b9d506c9ac06c20b433354fa67a72993-le32d4.cache-4
a6201000-a620f000 r-xp 00000000 08:02 18391847                           /usr/lib/i386-linux-gnu/libXi.so.6.1.0
a620f000-a6210000 r--p 0000e000 08:02 18391847                           /usr/lib/i386-linux-gnu/libXi.so.6.1.0
a6210000-a6211000 rw-p 0000f000 08:02 18391847                           /usr/lib/i386-linux-gnu/libXi.so.6.1.0
a6211000-a622d000 r-xp 00000000 08:02 49117848                           /lib/i386-linux-gnu/libgcc_s.so.1
a622d000-a622e000 rw-p 0001b000 08:02 49117848                           /lib/i386-linux-gnu/libgcc_s.so.1
a622e000-a6231000 ---p 00000000 00:00 0 
a6231000-a627f000 rw-p 00000000 00:00 0                                  [stack:4313]
a627f000-a6280000 ---p 00000000 00:00 0 
a6280000-a6300000 rw-p 00000000 00:00 0                                  [stack:4309]
a6300000-a6321000 rw-p 00000000 00:00 0 
a6321000-a6400000 ---p 00000000 00:00 0 
a6400000-a6409000 r-xp 00000000 08:02 18391857                           /usr/lib/i386-linux-gnu/libXrandr.so.2.2.0
a6409000-a640a000 r--p 00008000 08:02 18391857                           /usr/lib/i386-linux-gnu/libXrandr.so.2.2.0
a640a000-a640b000 rw-p 00009000 08:02 18391857                           /usr/lib/i386-linux-gnu/libXrandr.so.2.2.0
a640b000-a642c000 r-xp 00000000 08:02 18391970                           /usr/lib/i386-linux-gnu/libgdk_pixbuf-2.0.so.0.3000.7
a642c000-a642d000 r--p 00021000 08:02 18391970                           /usr/lib/i386-linux-gnu/libgdk_pixbuf-2.0.so.0.3000.7
a642d000-a642e000 rw-p 00022000 08:02 18391970                           /usr/lib/i386-linux-gnu/libgdk_pixbuf-2.0.so.0.3000.7
a642e000-a6431000 ---p 00000000 00:00 0 
a6431000-a647f000 rw-p 00000000 00:00 0                                  [stack:4312]
a647f000-a6480000 ---p 00000000 00:00 0 
a6480000-a6500000 rw-p 00000000 00:00 0                                  [stack:4308]
a6500000-a6521000 rw-p 00000000 00:00 0 
a6521000-a6600000 ---p 00000000 00:00 0 
a6600000-a6601000 r-xp 00000000 08:02 18392261                           /usr/lib/i386-linux-gnu/libxshmfence.so.1.0.0
a6601000-a6602000 r--p 00000000 08:02 18392261                           /usr/lib/i386-linux-gnu/libxshmfence.so.1.0.0
a6602000-a6603000 rw-p 00001000 08:02 18392261                           /usr/lib/i386-linux-gnu/libxshmfence.so.1.0.0
a6603000-a660c000 r-xp 00000000 08:02 18391859                           /usr/lib/i386-linux-gnu/libXrender.so.1.3.0
a660c000-a660d000 r--p 00008000 08:02 18391859                           /usr/lib/i386-linux-gnu/libXrender.so.1.3.0
a660d000-a660e000 rw-p 00009000 08:02 18391859                           /usr/lib/i386-linux-gnu/libXrender.so.1.3.0
a660e000-a6612000 r-xp 00000000 08:02 18391843                           /usr/lib/i386-linux-gnu/libXfixes.so.3.1.0
a6612000-a6613000 r--p 00003000 08:02 18391843                           /usr/lib/i386-linux-gnu/libXfixes.so.3.1.0
a6613000-a6614000 rw-p 00004000 08:02 18391843                           /usr/lib/i386-linux-gnu/libXfixes.so.3.1.0
a6614000-a6618000 r-xp 00000000 08:02 18391869                           /usr/lib/i386-linux-gnu/libXxf86vm.so.1.0.0
a6618000-a6619000 r--p 00004000 08:02 18391869                           /usr/lib/i386-linux-gnu/libXxf86vm.so.1.0.0
a6619000-a661a000 rw-p 00005000 08:02 18391869                           /usr/lib/i386-linux-gnu/libXxf86vm.so.1.0.0
a661a000-a662e000 r-xp 00000000 08:02 18392142                           /usr/lib/i386-linux-gnu/libpangoft2-1.0.so.0.3600.3
a662e000-a662f000 r--p 00013000 08:02 18392142                           /usr/lib/i386-linux-gnu/libpangoft2-1.0.so.0.3600.3
a662f000-a6630000 rw-p 00014000 08:02 18392142                           /usr/lib/i386-linux-gnu/libpangoft2-1.0.so.0.3600.3
a6630000-a667f000 rw-p 00000000 00:00 0 
a667f000-a6680000 ---p 00000000 00:00 0 
a6680000-a6700000 rw-p 00000000 00:00 0                                  [stack:4307]
a6700000-a6721000 rw-p 00000000 00:00 0 
a6721000-a6800000 ---p 00000000 00:00 0 
a6800000-a6801000 r-xp 00000000 08:02 18391822                           /usr/lib/i386-linux-gnu/libX11-xcb.so.1.0.0
a6801000-a6802000 r--p 00000000 08:02 18391822                           /usr/lib/i386-linux-gnu/libX11-xcb.so.1.0.0
a6802000-a6803000 rw-p 00001000 08:02 18391822                           /usr/lib/i386-linux-gnu/libX11-xcb.so.1.0.0
a6803000-a6821000 r-xp 00000000 08:02 18391879                           /usr/lib/i386-linux-gnu/libatk-1.0.so.0.21009.1
a6821000-a6823000 r--p 0001d000 08:02 18391879                           /usr/lib/i386-linux-gnu/libatk-1.0.so.0.21009.1
a6823000-a6824000 rw-p 0001f000 08:02 18391879                           /usr/lib/i386-linux-gnu/libatk-1.0.so.0.21009.1
a6824000-a687f000 rw-p 00000000 00:00 0 
a687f000-a6880000 ---p 00000000 00:00 0 
a6880000-a6900000 rw-p 00000000 00:00 0                                  [stack:4306]
a6900000-a6921000 rw-p 00000000 00:00 0 
a6921000-a6a00000 ---p 00000000 00:00 0 
a6a00000-a6a21000 rw-p 00000000 00:00 0 
a6a21000-a6b00000 ---p 00000000 00:00 0 
a6b00000-a6b21000 rw-p 00000000 00:00 0 
a6b21000-a6c00000 ---p 00000000 00:00 0 
a6c00000-a6c01000 r--s 00000000 08:02 526163                             /home/jorge/.cache/fontconfig/0c9eb80ebd1c36541ebe2852d3bb0c49-le32d4.cache-4
a6c01000-a6c06000 r-xp 00000000 08:02 18391865                           /usr/lib/i386-linux-gnu/libXtst.so.6.1.0
a6c06000-a6c07000 r--p 00004000 08:02 18391865                           /usr/lib/i386-linux-gnu/libXtst.so.6.1.0
a6c07000-a6c08000 rw-p 00005000 08:02 18391865                           /usr/lib/i386-linux-gnu/libXtst.so.6.1.0
a6c08000-a6c0b000 r--s 00000000 08:02 526152                             /home/jorge/.cache/fontconfig/7ef2298fde41cc6eeb7af42e48b7d293-le32d4.cache-4
a6c0b000-a6c10000 r-xp 00000000 08:02 527623                             /home/jorge/jdk1.8.0_91/jre/lib/i386/libjavafx_font_freetype.so
a6c10000-a6c11000 rw-p 00004000 08:02 527623                             /home/jorge/jdk1.8.0_91/jre/lib/i386/libjavafx_font_freetype.so
a6c11000-a6c14000 r-xp 00000000 08:02 527736                             /home/jorge/jdk1.8.0_91/jre/lib/i386/libjavafx_font.so
a6c14000-a6c15000 rw-p 00002000 08:02 527736                             /home/jorge/jdk1.8.0_91/jre/lib/i386/libjavafx_font.so
a6c15000-a6c28000 r--s 00344000 08:02 527759                             /home/jorge/jdk1.8.0_91/jre/lib/resources.jar
a6c28000-a6c29000 ---p 00000000 00:00 0 
a6c29000-a6cbf000 rw-p 00000000 00:00 0                                  [stack:4305]
a6cbf000-a6dff000 ---p 00000000 00:00 0 
a6dff000-a6e15000 rw-p 00000000 00:00 0 
a6e15000-a6f54000 ---p 00000000 00:00 0 
a6f54000-a6f65000 rw-p 00000000 00:00 0 
a6f65000-a6fff000 ---p 00000000 00:00 0 
a6fff000-a9ac0000 rw-p 00000000 00:00 0 
a9ac0000-d1ac0000 ---p 00000000 00:00 0 
d1ac0000-d3bc0000 rw-p 00000000 00:00 0 
d3bc0000-e7000000 ---p 00000000 00:00 0 
e7000000-e700b000 r-xp 00000000 08:02 18392140                           /usr/lib/i386-linux-gnu/libpangocairo-1.0.so.0.3600.3
e700b000-e700c000 r--p 0000a000 08:02 18392140                           /usr/lib/i386-linux-gnu/libpangocairo-1.0.so.0.3600.3
e700c000-e700d000 rw-p 0000b000 08:02 18392140                           /usr/lib/i386-linux-gnu/libpangocairo-1.0.so.0.3600.3
e700d000-e7018000 r-xp 00000000 08:02 527781                             /home/jorge/jdk1.8.0_91/jre/lib/i386/libprism_es2.so
e7018000-e7019000 rw-p 0000a000 08:02 527781                             /home/jorge/jdk1.8.0_91/jre/lib/i386/libprism_es2.so
e7019000-e7031000 rw-p 00000000 00:00 0 
e7031000-e7032000 ---p 00000000 00:00 0 
e7032000-e70b2000 rw-p 00000000 00:00 0                                  [stack:4304]
e70b2000-e70b3000 ---p 00000000 00:00 0 
e70b3000-e7156000 rw-p 00000000 00:00 0                                  [stack:4303]
e7156000-e74f3000 ---p 00000000 00:00 0 
e74f3000-e7da3000 rwxp 00000000 00:00 0 
e7da3000-f64f3000 ---p 00000000 00:00 0 
f64f3000-f64fe000 r-xp 00000000 08:02 49121278                           /lib/i386-linux-gnu/libnss_files-2.19.so
f64fe000-f64ff000 r--p 0000a000 08:02 49121278                           /lib/i386-linux-gnu/libnss_files-2.19.so
f64ff000-f6500000 rw-p 0000b000 08:02 49121278                           /lib/i386-linux-gnu/libnss_files-2.19.so
f6500000-f65f8000 rw-p 00000000 00:00 0 
f65f8000-f6600000 ---p 00000000 00:00 0 
f6600000-f6601000 r--s 00000000 08:02 536613                             /home/jorge/.cache/fontconfig/6d4de75d284bb759da9bfc219092b08f-le32d4.cache-4
f6601000-f6603000 r-xp 00000000 08:02 18391849                           /usr/lib/i386-linux-gnu/libXinerama.so.1.0.0
f6603000-f6604000 r--p 00001000 08:02 18391849                           /usr/lib/i386-linux-gnu/libXinerama.so.1.0.0
f6604000-f6605000 rw-p 00002000 08:02 18391849                           /usr/lib/i386-linux-gnu/libXinerama.so.1.0.0
f6605000-f6608000 r-xp 00000000 08:02 18391980                           /usr/lib/i386-linux-gnu/libgmodule-2.0.so.0.4002.0
f6608000-f6609000 r--p 00002000 08:02 18391980                           /usr/lib/i386-linux-gnu/libgmodule-2.0.so.0.4002.0
f6609000-f660a000 rw-p 00003000 08:02 18391980                           /usr/lib/i386-linux-gnu/libgmodule-2.0.so.0.4002.0
f660a000-f6614000 r-xp 00000000 08:02 49121272                           /lib/i386-linux-gnu/libnss_nis-2.19.so
f6614000-f6615000 r--p 00009000 08:02 49121272                           /lib/i386-linux-gnu/libnss_nis-2.19.so
f6615000-f6616000 rw-p 0000a000 08:02 49121272                           /lib/i386-linux-gnu/libnss_nis-2.19.so
f6616000-f662b000 r-xp 00000000 08:02 49121282                           /lib/i386-linux-gnu/libnsl-2.19.so
f662b000-f662c000 r--p 00015000 08:02 49121282                           /lib/i386-linux-gnu/libnsl-2.19.so
f662c000-f662d000 rw-p 00016000 08:02 49121282                           /lib/i386-linux-gnu/libnsl-2.19.so
f662d000-f662f000 rw-p 00000000 00:00 0 
f662f000-f6630000 rw-s 10fc3d000 00:06 1284                              /dev/dri/card1
f6630000-f6631000 r-xp 00000000 08:02 18392072                           /usr/lib/i386-linux-gnu/libgthread-2.0.so.0.4002.0
f6631000-f6632000 r--p 00000000 08:02 18392072                           /usr/lib/i386-linux-gnu/libgthread-2.0.so.0.4002.0
f6632000-f6633000 rw-p 00001000 08:02 18392072                           /usr/lib/i386-linux-gnu/libgthread-2.0.so.0.4002.0
f6633000-f6635000 r--s 00e26000 08:11 2910                               /media/jorge/F0E9-334E/DAW/Programacin/Aplicaciones/ProyectoFinal/Octogonave/dist/run362251253/Octogonave.jar
f6635000-f664e000 r-xp 00000000 08:02 527896                             /home/jorge/jdk1.8.0_91/jre/lib/i386/libzip.so
f664e000-f664f000 rw-p 00019000 08:02 527896                             /home/jorge/jdk1.8.0_91/jre/lib/i386/libzip.so
f664f000-f6673000 r-xp 00000000 08:02 527877                             /home/jorge/jdk1.8.0_91/jre/lib/i386/libjava.so
f6673000-f6674000 rw-p 00023000 08:02 527877                             /home/jorge/jdk1.8.0_91/jre/lib/i386/libjava.so
f6674000-f667b000 r-xp 00000000 08:02 49121277                           /lib/i386-linux-gnu/librt-2.19.so
f667b000-f667c000 r--p 00006000 08:02 49121277                           /lib/i386-linux-gnu/librt-2.19.so
f667c000-f667d000 rw-p 00007000 08:02 49121277                           /lib/i386-linux-gnu/librt-2.19.so
f667d000-f6680000 ---p 00000000 00:00 0 
f6680000-f66ce000 rw-p 00000000 00:00 0                                  [stack:4302]
f66ce000-f6712000 r-xp 00000000 08:02 49116687                           /lib/i386-linux-gnu/libm-2.19.so
f6712000-f6713000 r--p 00043000 08:02 49116687                           /lib/i386-linux-gnu/libm-2.19.so
f6713000-f6714000 rw-p 00044000 08:02 49116687                           /lib/i386-linux-gnu/libm-2.19.so
f6714000-f7097000 r-xp 00000000 08:02 527750                             /home/jorge/jdk1.8.0_91/jre/lib/i386/server/libjvm.so
f7097000-f7104000 rw-p 00983000 08:02 527750                             /home/jorge/jdk1.8.0_91/jre/lib/i386/server/libjvm.so
f7104000-f752d000 rw-p 00000000 00:00 0 
f752d000-f76d5000 r-xp 00000000 08:02 49121276                           /lib/i386-linux-gnu/libc-2.19.so
f76d5000-f76d7000 r--p 001a8000 08:02 49121276                           /lib/i386-linux-gnu/libc-2.19.so
f76d7000-f76d8000 rw-p 001aa000 08:02 49121276                           /lib/i386-linux-gnu/libc-2.19.so
f76d8000-f76db000 rw-p 00000000 00:00 0 
f76db000-f76de000 r-xp 00000000 08:02 49121273                           /lib/i386-linux-gnu/libdl-2.19.so
f76de000-f76df000 r--p 00002000 08:02 49121273                           /lib/i386-linux-gnu/libdl-2.19.so
f76df000-f76e0000 rw-p 00003000 08:02 49121273                           /lib/i386-linux-gnu/libdl-2.19.so
f76e0000-f76f4000 r-xp 00000000 08:02 527820                             /home/jorge/jdk1.8.0_91/jre/lib/i386/jli/libjli.so
f76f4000-f76f5000 rw-p 00014000 08:02 527820                             /home/jorge/jdk1.8.0_91/jre/lib/i386/jli/libjli.so
f76f5000-f76f6000 rw-p 00000000 00:00 0 
f76f6000-f770e000 r-xp 00000000 08:02 49121268                           /lib/i386-linux-gnu/libpthread-2.19.so
f770e000-f770f000 r--p 00018000 08:02 49121268                           /lib/i386-linux-gnu/libpthread-2.19.so
f770f000-f7710000 rw-p 00019000 08:02 49121268                           /lib/i386-linux-gnu/libpthread-2.19.so
f7710000-f7712000 rw-p 00000000 00:00 0 
f7712000-f7713000 r--p 002c5000 08:02 18392373                           /usr/lib/locale/locale-archive
f7713000-f771b000 rw-s 00000000 08:02 56733723                           /tmp/hsperfdata_jorge/4298
f771b000-f7722000 r-xp 00000000 08:02 49121265                           /lib/i386-linux-gnu/libnss_compat-2.19.so
f7722000-f7723000 r--p 00006000 08:02 49121265                           /lib/i386-linux-gnu/libnss_compat-2.19.so
f7723000-f7724000 rw-p 00007000 08:02 49121265                           /lib/i386-linux-gnu/libnss_compat-2.19.so
f7724000-f7725000 rw-p 00000000 00:00 0 
f7725000-f7726000 r--p 00000000 00:00 0 
f7726000-f7731000 r-xp 00000000 08:02 527835                             /home/jorge/jdk1.8.0_91/jre/lib/i386/libverify.so
f7731000-f7732000 rw-p 0000b000 08:02 527835                             /home/jorge/jdk1.8.0_91/jre/lib/i386/libverify.so
f7732000-f7734000 rw-p 00000000 00:00 0 
f7734000-f7736000 r--p 00000000 00:00 0                                  [vvar]
f7736000-f7738000 r-xp 00000000 00:00 0                                  [vdso]
f7738000-f7758000 r-xp 00000000 08:02 49121279                           /lib/i386-linux-gnu/ld-2.19.so
f7758000-f7759000 r--p 0001f000 08:02 49121279                           /lib/i386-linux-gnu/ld-2.19.so
f7759000-f775a000 rw-p 00020000 08:02 49121279                           /lib/i386-linux-gnu/ld-2.19.so
ffcc4000-ffcc5000 rwxp 00000000 00:00 0 
ffcf7000-ffd18000 rw-p 00000000 00:00 0                                  [stack]

VM Arguments:
jvm_args: -Dfile.encoding=UTF-8 
java_command: /media/jorge/F0E9-334E/DAW/Programacin/Aplicaciones/ProyectoFinal/Octogonave/dist/run362251253/Octogonave.jar
java_class_path (initial): /media/jorge/F0E9-334E/DAW/Programacin/Aplicaciones/ProyectoFinal/Octogonave/dist/run362251253/Octogonave.jar
Launcher Type: SUN_STANDARD

Environment Variables:
PATH=/usr/local/sbin:/usr/local/bin:/usr/sbin:/usr/bin:/sbin:/bin:/usr/games:/usr/local/games
USERNAME=jorge
LD_LIBRARY_PATH=/home/jorge/jdk1.8.0_91/jre/lib/amd64:/home/jorge/jdk1.8.0_91/jre/lib/i386:
SHELL=/bin/bash
DISPLAY=:0.0

Signal Handlers:
SIGSEGV: [libjvm.so+0x8d0a60], sa_mask[0]=11111111011111111101111111111110, sa_flags=SA_RESTART|SA_SIGINFO
SIGBUS: [libjvm.so+0x8d0a60], sa_mask[0]=11111111011111111101111111111110, sa_flags=SA_RESTART|SA_SIGINFO
SIGFPE: [libjvm.so+0x7503b0], sa_mask[0]=11111111011111111101111111111110, sa_flags=SA_RESTART|SA_SIGINFO
SIGPIPE: SIG_IGN, sa_mask[0]=00000000000010000000000000000000, sa_flags=SA_RESTART
SIGXFSZ: [libjvm.so+0x7503b0], sa_mask[0]=11111111011111111101111111111110, sa_flags=SA_RESTART|SA_SIGINFO
SIGILL: [libjvm.so+0x7503b0], sa_mask[0]=11111111011111111101111111111110, sa_flags=SA_RESTART|SA_SIGINFO
SIGUSR1: SIG_DFL, sa_mask[0]=00000000000000000000000000000000, sa_flags=none
SIGUSR2: [libjvm.so+0x751a30], sa_mask[0]=00100000000000000000000000000000, sa_flags=SA_RESTART|SA_SIGINFO
SIGHUP: [libjvm.so+0x752ee0], sa_mask[0]=11111111011111111101111111111110, sa_flags=SA_RESTART|SA_SIGINFO
SIGINT: SIG_IGN, sa_mask[0]=00000000000000000000000000000000, sa_flags=none
SIGTERM: [libjvm.so+0x752ee0], sa_mask[0]=11111111011111111101111111111110, sa_flags=SA_RESTART|SA_SIGINFO
SIGQUIT: [libjvm.so+0x752ee0], sa_mask[0]=11111111011111111101111111111110, sa_flags=SA_RESTART|SA_SIGINFO


---------------  S Y S T E M  ---------------

OS:DISTRIB_ID=LinuxMint
DISTRIB_RELEASE=17.3
DISTRIB_CODENAME=rosa
DISTRIB_DESCRIPTION="Linux Mint 17.3 Rosa"

uname:Linux 3.19.0-32-generic #37~14.04.1-Ubuntu SMP Thu Oct 22 09:41:40 UTC 2015 x86_64
libc:glibc 2.19 NPTL 2.19 
rlimit: STACK 8192k, CORE 0k, NPROC 30553, NOFILE 4096, AS infinity
load average:0,11 0,17 0,20

/proc/meminfo:
MemTotal:        8056328 kB
MemFree:         5417052 kB
MemAvailable:    6457064 kB
Buffers:           95576 kB
Cached:          1102484 kB
SwapCached:            0 kB
Active:          1847724 kB
Inactive:         594592 kB
Active(anon):    1245380 kB
Inactive(anon):    20216 kB
Active(file):     602344 kB
Inactive(file):   574376 kB
Unevictable:           0 kB
Mlocked:               0 kB
SwapTotal:       8268796 kB
SwapFree:        8268796 kB
Dirty:                72 kB
Writeback:             0 kB
AnonPages:       1244276 kB
Mapped:           272164 kB
Shmem:             21328 kB
Slab:              97044 kB
SReclaimable:      64456 kB
SUnreclaim:        32588 kB
KernelStack:        7920 kB
PageTables:        23820 kB
NFS_Unstable:          0 kB
Bounce:                0 kB
WritebackTmp:          0 kB
CommitLimit:    12296960 kB
Committed_AS:    2894788 kB
VmallocTotal:   34359738367 kB
VmallocUsed:      387116 kB
VmallocChunk:   34359300720 kB
HardwareCorrupted:     0 kB
AnonHugePages:    520192 kB
CmaTotal:              0 kB
CmaFree:               0 kB
HugePages_Total:       0
HugePages_Free:        0
HugePages_Rsvd:        0
HugePages_Surp:        0
Hugepagesize:       2048 kB
DirectMap4k:      128628 kB
DirectMap2M:     2897920 kB
DirectMap1G:     5242880 kB


CPU:total 8 (4 cores per cpu, 2 threads per core) family 6 model 60 stepping 3, cmov, cx8, fxsr, mmx, sse, sse2, sse3, ssse3, sse4.1, sse4.2, popcnt, avx, avx2, aes, clmul, erms, rtm, lzcnt, ht, tsc, tscinvbit, bmi1, bmi2

/proc/cpuinfo:
processor	: 0
vendor_id	: GenuineIntel
cpu family	: 6
model		: 60
model name	: Intel(R) Core(TM) i7-4790 CPU @ 3.60GHz
stepping	: 3
microcode	: 0x19
cpu MHz		: 933.187
cache size	: 8192 KB
physical id	: 0
siblings	: 8
core id		: 0
cpu cores	: 4
apicid		: 0
initial apicid	: 0
fpu		: yes
fpu_exception	: yes
cpuid level	: 13
wp		: yes
flags		: fpu vme de pse tsc msr pae mce cx8 apic sep mtrr pge mca cmov pat pse36 clflush dts acpi mmx fxsr sse sse2 ss ht tm pbe syscall nx pdpe1gb rdtscp lm constant_tsc arch_perfmon pebs bts rep_good nopl xtopology nonstop_tsc aperfmperf eagerfpu pni pclmulqdq dtes64 monitor ds_cpl vmx smx est tm2 ssse3 fma cx16 xtpr pdcm pcid sse4_1 sse4_2 x2apic movbe popcnt tsc_deadline_timer aes xsave avx f16c rdrand lahf_lm abm ida arat pln pts dtherm tpr_shadow vnmi flexpriority ept vpid fsgsbase tsc_adjust bmi1 hle avx2 smep bmi2 erms invpcid rtm xsaveopt
bugs		:
bogomips	: 7183.44
clflush size	: 64
cache_alignment	: 64
address sizes	: 39 bits physical, 48 bits virtual
power management:

processor	: 1
vendor_id	: GenuineIntel
cpu family	: 6
model		: 60
model name	: Intel(R) Core(TM) i7-4790 CPU @ 3.60GHz
stepping	: 3
microcode	: 0x19
cpu MHz		: 954.000
cache size	: 8192 KB
physical id	: 0
siblings	: 8
core id		: 1
cpu cores	: 4
apicid		: 2
initial apicid	: 2
fpu		: yes
fpu_exception	: yes
cpuid level	: 13
wp		: yes
flags		: fpu vme de pse tsc msr pae mce cx8 apic sep mtrr pge mca cmov pat pse36 clflush dts acpi mmx fxsr sse sse2 ss ht tm pbe syscall nx pdpe1gb rdtscp lm constant_tsc arch_perfmon pebs bts rep_good nopl xtopology nonstop_tsc aperfmperf eagerfpu pni pclmulqdq dtes64 monitor ds_cpl vmx smx est tm2 ssse3 fma cx16 xtpr pdcm pcid sse4_1 sse4_2 x2apic movbe popcnt tsc_deadline_timer aes xsave avx f16c rdrand lahf_lm abm ida arat pln pts dtherm tpr_shadow vnmi flexpriority ept vpid fsgsbase tsc_adjust bmi1 hle avx2 smep bmi2 erms invpcid rtm xsaveopt
bugs		:
bogomips	: 7183.44
clflush size	: 64
cache_alignment	: 64
address sizes	: 39 bits physical, 48 bits virtual
power management:

processor	: 2
vendor_id	: GenuineIntel
cpu family	: 6
model		: 60
model name	: Intel(R) Core(TM) i7-4790 CPU @ 3.60GHz
stepping	: 3
microcode	: 0x19
cpu MHz		: 916.875
cache size	: 8192 KB
physical id	: 0
siblings	: 8
core id		: 2
cpu cores	: 4
apicid		: 4
initial apicid	: 4
fpu		: yes
fpu_exception	: yes
cpuid level	: 13
wp		: yes
flags		: fpu vme de pse tsc msr pae mce cx8 apic sep mtrr pge mca cmov pat pse36 clflush dts acpi mmx fxsr sse sse2 ss ht tm pbe syscall nx pdpe1gb rdtscp lm constant_tsc arch_perfmon pebs bts rep_good nopl xtopology nonstop_tsc aperfmperf eagerfpu pni pclmulqdq dtes64 monitor ds_cpl vmx smx est tm2 ssse3 fma cx16 xtpr pdcm pcid sse4_1 sse4_2 x2apic movbe popcnt tsc_deadline_timer aes xsave avx f16c rdrand lahf_lm abm ida arat pln pts dtherm tpr_shadow vnmi flexpriority ept vpid fsgsbase tsc_adjust bmi1 hle avx2 smep bmi2 erms invpcid rtm xsaveopt
bugs		:
bogomips	: 7183.44
clflush size	: 64
cache_alignment	: 64
address sizes	: 39 bits physical, 48 bits virtual
power management:

processor	: 3
vendor_id	: GenuineIntel
cpu family	: 6
model		: 60
model name	: Intel(R) Core(TM) i7-4790 CPU @ 3.60GHz
stepping	: 3
microcode	: 0x19
cpu MHz		: 899.859
cache size	: 8192 KB
physical id	: 0
siblings	: 8
core id		: 3
cpu cores	: 4
apicid		: 6
initial apicid	: 6
fpu		: yes
fpu_exception	: yes
cpuid level	: 13
wp		: yes
flags		: fpu vme de pse tsc msr pae mce cx8 apic sep mtrr pge mca cmov pat pse36 clflush dts acpi mmx fxsr sse sse2 ss ht tm pbe syscall nx pdpe1gb rdtscp lm constant_tsc arch_perfmon pebs bts rep_good nopl xtopology nonstop_tsc aperfmperf eagerfpu pni pclmulqdq dtes64 monitor ds_cpl vmx smx est tm2 ssse3 fma cx16 xtpr pdcm pcid sse4_1 sse4_2 x2apic movbe popcnt tsc_deadline_timer aes xsave avx f16c rdrand lahf_lm abm ida arat pln pts dtherm tpr_shadow vnmi flexpriority ept vpid fsgsbase tsc_adjust bmi1 hle avx2 smep bmi2 erms invpcid rtm xsaveopt
bugs		:
bogomips	: 7183.44
clflush size	: 64
cache_alignment	: 64
address sizes	: 39 bits physical, 48 bits virtual
power management:

processor	: 4
vendor_id	: GenuineIntel
cpu family	: 6
model		: 60
model name	: Intel(R) Core(TM) i7-4790 CPU @ 3.60GHz
stepping	: 3
microcode	: 0x19
cpu MHz		: 899.859
cache size	: 8192 KB
physical id	: 0
siblings	: 8
core id		: 0
cpu cores	: 4
apicid		: 1
initial apicid	: 1
fpu		: yes
fpu_exception	: yes
cpuid level	: 13
wp		: yes
flags		: fpu vme de pse tsc msr pae mce cx8 apic sep mtrr pge mca cmov pat pse36 clflush dts acpi mmx fxsr sse sse2 ss ht tm pbe syscall nx pdpe1gb rdtscp lm constant_tsc arch_perfmon pebs bts rep_good nopl xtopology nonstop_tsc aperfmperf eagerfpu pni pclmulqdq dtes64 monitor ds_cpl vmx smx est tm2 ssse3 fma cx16 xtpr pdcm pcid sse4_1 sse4_2 x2apic movbe popcnt tsc_deadline_timer aes xsave avx f16c rdrand lahf_lm abm ida arat pln pts dtherm tpr_shadow vnmi flexpriority ept vpid fsgsbase tsc_adjust bmi1 hle avx2 smep bmi2 erms invpcid rtm xsaveopt
bugs		:
bogomips	: 7183.44
clflush size	: 64
cache_alignment	: 64
address sizes	: 39 bits physical, 48 bits virtual
power management:

processor	: 5
vendor_id	: GenuineIntel
cpu family	: 6
model		: 60
model name	: Intel(R) Core(TM) i7-4790 CPU @ 3.60GHz
stepping	: 3
microcode	: 0x19
cpu MHz		: 876.093
cache size	: 8192 KB
physical id	: 0
siblings	: 8
core id		: 1
cpu cores	: 4
apicid		: 3
initial apicid	: 3
fpu		: yes
fpu_exception	: yes
cpuid level	: 13
wp		: yes
flags		: fpu vme de pse tsc msr pae mce cx8 apic sep mtrr pge mca cmov pat pse36 clflush dts acpi mmx fxsr sse sse2 ss ht tm pbe syscall nx pdpe1gb rdtscp lm constant_tsc arch_perfmon pebs bts rep_good nopl xtopology nonstop_tsc aperfmperf eagerfpu pni pclmulqdq dtes64 monitor ds_cpl vmx smx est tm2 ssse3 fma cx16 xtpr pdcm pcid sse4_1 sse4_2 x2apic movbe popcnt tsc_deadline_timer aes xsave avx f16c rdrand lahf_lm abm ida arat pln pts dtherm tpr_shadow vnmi flexpriority ept vpid fsgsbase tsc_adjust bmi1 hle avx2 smep bmi2 erms invpcid rtm xsaveopt
bugs		:
bogomips	: 7183.44
clflush size	: 64
cache_alignment	: 64
address sizes	: 39 bits physical, 48 bits virtual
power management:

processor	: 6
vendor_id	: GenuineIntel
cpu family	: 6
model		: 60
model name	: Intel(R) Core(TM) i7-4790 CPU @ 3.60GHz
stepping	: 3
microcode	: 0x19
cpu MHz		: 854.296
cache size	: 8192 KB
physical id	: 0
siblings	: 8
core id		: 2
cpu cores	: 4
apicid		: 5
initial apicid	: 5
fpu		: yes
fpu_exception	: yes
cpuid level	: 13
wp		: yes
flags		: fpu vme de pse tsc msr pae mce cx8 apic sep mtrr pge mca cmov pat pse36 clflush dts acpi mmx fxsr sse sse2 ss ht tm pbe syscall nx pdpe1gb rdtscp lm constant_tsc arch_perfmon pebs bts rep_good nopl xtopology nonstop_tsc aperfmperf eagerfpu pni pclmulqdq dtes64 monitor ds_cpl vmx smx est tm2 ssse3 fma cx16 xtpr pdcm pcid sse4_1 sse4_2 x2apic movbe popcnt tsc_deadline_timer aes xsave avx f16c rdrand lahf_lm abm ida arat pln pts dtherm tpr_shadow vnmi flexpriority ept vpid fsgsbase tsc_adjust bmi1 hle avx2 smep bmi2 erms invpcid rtm xsaveopt
bugs		:
bogomips	: 7183.44
clflush size	: 64
cache_alignment	: 64
address sizes	: 39 bits physical, 48 bits virtual
power management:

processor	: 7
vendor_id	: GenuineIntel
cpu family	: 6
model		: 60
model name	: Intel(R) Core(TM) i7-4790 CPU @ 3.60GHz
stepping	: 3
microcode	: 0x19
cpu MHz		: 899.859
cache size	: 8192 KB
physical id	: 0
siblings	: 8
core id		: 3
cpu cores	: 4
apicid		: 7
initial apicid	: 7
fpu		: yes
fpu_exception	: yes
cpuid level	: 13
wp		: yes
flags		: fpu vme de pse tsc msr pae mce cx8 apic sep mtrr pge mca cmov pat pse36 clflush dts acpi mmx fxsr sse sse2 ss ht tm pbe syscall nx pdpe1gb rdtscp lm constant_tsc arch_perfmon pebs bts rep_good nopl xtopology nonstop_tsc aperfmperf eagerfpu pni pclmulqdq dtes64 monitor ds_cpl vmx smx est tm2 ssse3 fma cx16 xtpr pdcm pcid sse4_1 sse4_2 x2apic movbe popcnt tsc_deadline_timer aes xsave avx f16c rdrand lahf_lm abm ida arat pln pts dtherm tpr_shadow vnmi flexpriority ept vpid fsgsbase tsc_adjust bmi1 hle avx2 smep bmi2 erms invpcid rtm xsaveopt
bugs		:
bogomips	: 7183.44
clflush size	: 64
cache_alignment	: 64
address sizes	: 39 bits physical, 48 bits virtual
power management:



Memory: 4k page, physical 8056328k(5417052k free), swap 8268796k(8268796k free)

vm_info: Java HotSpot(TM) Server VM (25.91-b14) for linux-x86 JRE (1.8.0_91-b14), built on Apr  1 2016 01:01:13 by "java_re" with gcc 4.3.0 20080428 (Red Hat 4.3.0-8)

time: Sat May 21 01:37:51 2016
elapsed time: 817 seconds (0d 0h 13m 37s)

