#
# A fatal error has been detected by the Java Runtime Environment:
#
#  SIGSEGV (0xb) at pc=0xf768f320, pid=3998, tid=2727865152
#
# JRE version: Java(TM) SE Runtime Environment (8.0_91-b14) (build 1.8.0_91-b14)
# Java VM: Java HotSpot(TM) Server VM (25.91-b14 mixed mode linux-x86 )
# Problematic frame:
# C  [libc.so.6+0x134320]
#
# Failed to write core dump. Core dumps have been disabled. To enable core dumping, try "ulimit -c unlimited" before starting Java again
#
# If you would like to submit a bug report, please visit:
#   http://bugreport.java.com/bugreport/crash.jsp
# The crash happened outside the Java Virtual Machine in native code.
# See problematic frame for where to report the bug.
#

---------------  T H R E A D  ---------------

Current thread (0xa23a4400):  JavaThread "QuantumRenderer-0" daemon [_thread_in_native, id=4021, stack(0xa292e000,0xa297f000)]

siginfo: si_signo: 11 (SIGSEGV), si_code: 2 (SEGV_ACCERR), si_addr: 0xd3ff5f84

Registers:
EAX=0xd3ff5f90, EBX=0xf768f320, ECX=0x0000000c, EDX=0x9cd90584
ESP=0xa297d5d8, EBP=0x00090584, ESI=0xa306b008, EDI=0xd3ff5f84
EIP=0xf768f320, EFLAGS=0x00010283, CR2=0xd3ff5f84

Top of Stack: (sp=0xa297d5d8)
0xa297d5d8:   a1266000 a0e59ccd 9cd90578 d3ff5f84
0xa297d5e8:   0000000c a0a97ec3 f6a89ee8 9e3ddba0
0xa297d5f8:   00090578 00000000 00000008 9e85bf00
0xa297d608:   a1266000 a1266000 a306b008 00000001
0xa297d618:   a304d418 a0f4eada a306b008 d3ff5f84
0xa297d628:   00000000 0000000c a297d65c a306b008
0xa297d638:   0000000c 00000000 00d3ffff 00000000
0xa297d648:   00000004 a297d65c 0000ffff a304d418 

Instructions: (pc=0xf768f320)
0xf768f300:   4a dc 8b 48 e0 89 4a e0 8b 48 e4 89 4a e4 8b 48
0xf768f310:   e8 89 4a e8 8b 48 ec 89 4a ec 8b 48 f0 89 4a f0
0xf768f320:   8b 48 f4 89 4a f4 8b 48 f8 89 4a f8 8b 48 fc 89
0xf768f330:   4a fc 8b 44 24 08 5b c3 90 8d b4 26 00 00 00 00 

Register to memory mapping:

EAX=0xd3ff5f90 is an unallocated location in the heap
EBX=0xf768f320: <offset 0x134320> in /lib/i386-linux-gnu/libc.so.6 at 0xf755b000
ECX=0x0000000c is an unknown value
EDX=0x9cd90584 is an unknown value
ESP=0xa297d5d8 is pointing into the stack for thread: 0xa23a4400
EBP=0x00090584 is an unknown value
ESI=0xa306b008 is an unknown value
EDI=0xd3ff5f84 is an unallocated location in the heap


Stack: [0xa292e000,0xa297f000],  sp=0xa297d5d8,  free space=317k
Native frames: (J=compiled Java code, j=interpreted, Vv=VM code, C=native code)
C  [libc.so.6+0x134320]

Java frames: (J=compiled Java code, j=interpreted, Vv=VM code)
j  com.sun.prism.es2.GLContext.nClearBuffers(JFFFFZZZ)V+0
j  com.sun.prism.es2.GLContext.clearBuffers(Lcom/sun/prism/paint/Color;ZZZ)V+40
J 1912 C1 com.sun.prism.es2.ES2Graphics.clear(Lcom/sun/prism/paint/Color;)V (36 bytes) @ 0xe794cbdc [0xe794c700+0x4dc]
j  com.sun.javafx.tk.quantum.ViewPainter.doPaint(Lcom/sun/prism/Graphics;Lcom/sun/javafx/sg/prism/NodePath;)V+104
j  com.sun.javafx.tk.quantum.ViewPainter.paintImpl(Lcom/sun/prism/Graphics;)V+953
j  com.sun.javafx.tk.quantum.PresentingPainter.run()V+326
j  java.util.concurrent.Executors$RunnableAdapter.call()Ljava/lang/Object;+4
j  java.util.concurrent.FutureTask.runAndReset()Z+47
j  com.sun.javafx.tk.RenderJob.run()V+1
j  java.util.concurrent.ThreadPoolExecutor.runWorker(Ljava/util/concurrent/ThreadPoolExecutor$Worker;)V+95
j  java.util.concurrent.ThreadPoolExecutor$Worker.run()V+5
j  com.sun.javafx.tk.quantum.QuantumRenderer$PipelineRunnable.run()V+8
j  java.lang.Thread.run()V+11
v  ~StubRoutines::call_stub

---------------  P R O C E S S  ---------------

Java Threads: ( => current thread )
  0x9e2e6000 JavaThread "Media Resource Disposer" daemon [_thread_blocked, id=4030, stack(0x9c8d5000,0x9c926000)]
  0x9e29ec00 JavaThread "Prism Font Disposer" daemon [_thread_blocked, id=4025, stack(0x9dcc2000,0x9dd13000)]
  0xa23e8800 JavaThread "JavaFX-Launcher" [_thread_blocked, id=4024, stack(0x9e6af000,0x9e700000)]
  0xa23e6000 JavaThread "JavaFX Application Thread" [_thread_in_native, id=4023, stack(0x9e9b5000,0x9ea06000)]
  0xa23e3400 JavaThread "Thread-1" daemon [_thread_blocked, id=4022, stack(0x9ea06000,0x9ea57000)]
=>0xa23a4400 JavaThread "QuantumRenderer-0" daemon [_thread_in_native, id=4021, stack(0xa292e000,0xa297f000)]
  0xa319e000 JavaThread "Service Thread" daemon [_thread_blocked, id=4019, stack(0xa3409000,0xa345a000)]
  0xa3199800 JavaThread "C1 CompilerThread3" daemon [_thread_in_native, id=4018, stack(0xa25fe000,0xa267f000)]
  0xa3198000 JavaThread "C2 CompilerThread2" daemon [_thread_blocked, id=4017, stack(0xa267f000,0xa2700000)]
  0xa3196800 JavaThread "C2 CompilerThread1" daemon [_thread_blocked, id=4016, stack(0xa297f000,0xa2a00000)]
  0xa3194c00 JavaThread "C2 CompilerThread0" daemon [_thread_blocked, id=4015, stack(0xa2b4d000,0xa2bce000)]
  0xa3193400 JavaThread "Signal Dispatcher" daemon [_thread_blocked, id=4014, stack(0xa602e000,0xa607f000)]
  0xa3178400 JavaThread "Finalizer" daemon [_thread_blocked, id=4013, stack(0xa622e000,0xa627f000)]
  0xa3175800 JavaThread "Reference Handler" daemon [_thread_blocked, id=4012, stack(0xa642e000,0xa647f000)]
  0xf6507400 JavaThread "main" [_thread_blocked, id=4002, stack(0xf66ab000,0xf66fc000)]

Other Threads:
  0xa3171000 VMThread [stack: 0xa345a000,0xa34db000] [id=4011]
  0xa319fc00 WatcherThread [stack: 0xa257d000,0xa25fe000] [id=4020]

VM state:not at safepoint (normal execution)

VM Mutex/Monitor currently owned by a thread: None

Heap:
 PSYoungGen      total 19200K, used 11532K [0xd1ac0000, 0xd3e00000, 0xe7000000)
  eden space 16640K, 53% used [0xd1ac0000,0xd2385ca8,0xd2b00000)
  from space 2560K, 99% used [0xd2b00000,0xd2d7d680,0xd2d80000)
  to   space 2560K, 0% used [0xd3b80000,0xd3b80000,0xd3e00000)
 ParOldGen       total 43776K, used 4150K [0xa7000000, 0xa9ac0000, 0xd1ac0000)
  object space 43776K, 9% used [0xa7000000,0xa740db28,0xa9ac0000)
 Metaspace       used 10540K, capacity 11140K, committed 11160K, reserved 11568K

Card table byte_map: [0xa6dff000,0xa7000000] byte_map_base: 0xa68c7000

Marking Bits: (ParMarkBitMap*) 0xf7145bc0
 Begin Bits: [0xa3f00000, 0xa4f00000)
 End Bits:   [0xa4f00000, 0xa5f00000)

Polling page: 0xf7753000

CodeCache: size=245760Kb used=4931Kb max_used=4935Kb free=240828Kb
 bounds [0xe7500000, 0xe79d8000, 0xf6500000]
 total_blobs=2522 nmethods=2129 adapters=305
 compilation: enabled

Compilation events (10 events):
Event: 400,540 Thread 0xa3199800 nmethod 2123 0xe79c9bc8 code [0xe79c9ce0, 0xe79c9e40]
Event: 400,540 Thread 0xa3199800 2124       3       com.sun.javafx.css.StyleManager::getInstance (4 bytes)
Event: 400,540 Thread 0xa3199800 nmethod 2124 0xe79c18c8 code [0xe79c19e0, 0xe79c1aa0]
Event: 400,540 Thread 0xa3199800 2126       3       javafx.scene.layout.Pane::getConstraint (26 bytes)
Event: 400,540 Thread 0xa3198000 2127       4       java.util.AbstractSet::<init> (5 bytes)
Event: 400,540 Thread 0xa3198000 nmethod 2127 0xe7954fc8 code [0xe79550c0, 0xe7955110]
Event: 400,540 Thread 0xa3199800 nmethod 2126 0xe79b8088 code [0xe79b8220, 0xe79b8918]
Event: 400,540 Thread 0xa3199800 2125       1       javafx.scene.CssStyleHelper$CacheContainer::access$300 (5 bytes)
Event: 400,540 Thread 0xa3199800 nmethod 2125 0xe79c99c8 code [0xe79c9ac0, 0xe79c9b40]
Event: 400,541 Thread 0xa3199800 2128       3       com.sun.javafx.sg.prism.NGNode::getEffect (19 bytes)

GC Heap History (6 events):
Event: 0,366 GC heap before
{Heap before GC invocations=1 (full 0):
 PSYoungGen      total 19200K, used 16640K [0xd1ac0000, 0xd3000000, 0xe7000000)
  eden space 16640K, 100% used [0xd1ac0000,0xd2b00000,0xd2b00000)
  from space 2560K, 0% used [0xd2d80000,0xd2d80000,0xd3000000)
  to   space 2560K, 0% used [0xd2b00000,0xd2b00000,0xd2d80000)
 ParOldGen       total 43776K, used 0K [0xa7000000, 0xa9ac0000, 0xd1ac0000)
  object space 43776K, 0% used [0xa7000000,0xa7000000,0xa9ac0000)
 Metaspace       used 7577K, capacity 7982K, committed 8088K, reserved 8496K
Event: 0,371 GC heap after
Heap after GC invocations=1 (full 0):
 PSYoungGen      total 19200K, used 2260K [0xd1ac0000, 0xd4040000, 0xe7000000)
  eden space 16640K, 0% used [0xd1ac0000,0xd1ac0000,0xd2b00000)
  from space 2560K, 88% used [0xd2b00000,0xd2d35048,0xd2d80000)
  to   space 2560K, 0% used [0xd3dc0000,0xd3dc0000,0xd4040000)
 ParOldGen       total 43776K, used 4K [0xa7000000, 0xa9ac0000, 0xd1ac0000)
  object space 43776K, 0% used [0xa7000000,0xa7001000,0xa9ac0000)
 Metaspace       used 7577K, capacity 7982K, committed 8088K, reserved 8496K
}
Event: 5,171 GC heap before
{Heap before GC invocations=2 (full 0):
 PSYoungGen      total 19200K, used 18900K [0xd1ac0000, 0xd4040000, 0xe7000000)
  eden space 16640K, 100% used [0xd1ac0000,0xd2b00000,0xd2b00000)
  from space 2560K, 88% used [0xd2b00000,0xd2d35048,0xd2d80000)
  to   space 2560K, 0% used [0xd3dc0000,0xd3dc0000,0xd4040000)
 ParOldGen       total 43776K, used 4K [0xa7000000, 0xa9ac0000, 0xd1ac0000)
  object space 43776K, 0% used [0xa7000000,0xa7001000,0xa9ac0000)
 Metaspace       used 10492K, capacity 11076K, committed 11160K, reserved 11568K
Event: 5,176 GC heap after
Heap after GC invocations=2 (full 0):
 PSYoungGen      total 19200K, used 2551K [0xd1ac0000, 0xd4040000, 0xe7000000)
  eden space 16640K, 0% used [0xd1ac0000,0xd1ac0000,0xd2b00000)
  from space 2560K, 99% used [0xd3dc0000,0xd403df98,0xd4040000)
  to   space 2560K, 0% used [0xd2b00000,0xd2b00000,0xd2d80000)
 ParOldGen       total 43776K, used 4062K [0xa7000000, 0xa9ac0000, 0xd1ac0000)
  object space 43776K, 9% used [0xa7000000,0xa73f7b18,0xa9ac0000)
 Metaspace       used 10492K, capacity 11076K, committed 11160K, reserved 11568K
}
Event: 258,505 GC heap before
{Heap before GC invocations=3 (full 0):
 PSYoungGen      total 19200K, used 19191K [0xd1ac0000, 0xd4040000, 0xe7000000)
  eden space 16640K, 100% used [0xd1ac0000,0xd2b00000,0xd2b00000)
  from space 2560K, 99% used [0xd3dc0000,0xd403df98,0xd4040000)
  to   space 2560K, 0% used [0xd2b00000,0xd2b00000,0xd2d80000)
 ParOldGen       total 43776K, used 4062K [0xa7000000, 0xa9ac0000, 0xd1ac0000)
  object space 43776K, 9% used [0xa7000000,0xa73f7b18,0xa9ac0000)
 Metaspace       used 10535K, capacity 11140K, committed 11160K, reserved 11568K
Event: 258,509 GC heap after
Heap after GC invocations=3 (full 0):
 PSYoungGen      total 19200K, used 2549K [0xd1ac0000, 0xd3e00000, 0xe7000000)
  eden space 16640K, 0% used [0xd1ac0000,0xd1ac0000,0xd2b00000)
  from space 2560K, 99% used [0xd2b00000,0xd2d7d680,0xd2d80000)
  to   space 2560K, 0% used [0xd3b80000,0xd3b80000,0xd3e00000)
 ParOldGen       total 43776K, used 4150K [0xa7000000, 0xa9ac0000, 0xd1ac0000)
  object space 43776K, 9% used [0xa7000000,0xa740db28,0xa9ac0000)
 Metaspace       used 10535K, capacity 11140K, committed 11160K, reserved 11568K
}

Deoptimization events (10 events):
Event: 0,457 Thread 0xa23e6000 Uncommon trap: reason=bimorphic action=maybe_recompile pc=0xe765cabc method=java.io.DataInputStream.readChar()C @ 4
Event: 0,461 Thread 0xa23e6000 Uncommon trap: reason=unstable_if action=reinterpret pc=0xe76c0650 method=sun.net.www.ParseUtil.encodePath(Ljava/lang/String;Z)Ljava/lang/String; @ 109
Event: 1,451 Thread 0x9e2d4400 Uncommon trap: reason=unstable_if action=reinterpret pc=0xe77895d8 method=com.sun.javafx.iio.png.PNGImageLoader2.paethPr(III)I @ 47
Event: 1,452 Thread 0xa23e6000 Uncommon trap: reason=unstable_if action=reinterpret pc=0xe772a0ec method=jdk.internal.org.objectweb.asm.Type.getArgumentsAndReturnSizes(Ljava/lang/String;)I @ 47
Event: 5,152 Thread 0xa23e6000 Uncommon trap: reason=bimorphic action=maybe_recompile pc=0xe794fc88 method=javafx.scene.Node.updateLocalToParentTransform()V @ 11
Event: 5,154 Thread 0xa23e6000 Uncommon trap: reason=unstable_if action=reinterpret pc=0xe7925a84 method=javafx.beans.property.DoublePropertyBase.get()D @ 9
Event: 5,158 Thread 0xa23e6000 Uncommon trap: reason=unstable_if action=reinterpret pc=0xe78dd320 method=java.lang.Math.min(DD)D @ 11
Event: 5,158 Thread 0xa23e6000 Uncommon trap: reason=unstable_if action=reinterpret pc=0xe795056c method=javafx.scene.Node.getScaleX()D @ 4
Event: 400,539 Thread 0xa23e6000 Uncommon trap: reason=unstable_if action=reinterpret pc=0xe79c0650 method=javafx.scene.Scene.doCSSPass()V @ 12
Event: 400,540 Thread 0xa23e6000 Uncommon trap: reason=unstable_if action=reinterpret pc=0xe79b6b3c method=com.sun.javafx.tk.quantum.PaintCollector.renderAll()V @ 77

Internal exceptions (10 events):
Event: 0,082 Thread 0xf6507400 Exception <a 'java/security/PrivilegedActionException'> (0xd1cf2110) thrown at [/HUDSON/workspace/8-2-build-linux-i586/jdk8u91/6644/hotspot/src/share/vm/prims/jvm.cpp, line 1386]
Event: 0,082 Thread 0xf6507400 Exception <a 'java/security/PrivilegedActionException'> (0xd1cf2310) thrown at [/HUDSON/workspace/8-2-build-linux-i586/jdk8u91/6644/hotspot/src/share/vm/prims/jvm.cpp, line 1386]
Event: 0,083 Thread 0xf6507400 Exception <a 'java/security/PrivilegedActionException'> (0xd1cf43d8) thrown at [/HUDSON/workspace/8-2-build-linux-i586/jdk8u91/6644/hotspot/src/share/vm/prims/jvm.cpp, line 1386]
Event: 0,083 Thread 0xf6507400 Exception <a 'java/security/PrivilegedActionException'> (0xd1cf45d8) thrown at [/HUDSON/workspace/8-2-build-linux-i586/jdk8u91/6644/hotspot/src/share/vm/prims/jvm.cpp, line 1386]
Event: 0,083 Thread 0xf6507400 Exception <a 'java/lang/NullPointerException'> (0xd1cf4b40) thrown at [/HUDSON/workspace/8-2-build-linux-i586/jdk8u91/6644/hotspot/src/share/vm/interpreter/linkResolver.cpp, line 1178]
Event: 0,240 Thread 0xa23e6000 Exception <a 'java/lang/NullPointerException'> (0xd25044e8) thrown at [/HUDSON/workspace/8-2-build-linux-i586/jdk8u91/6644/hotspot/src/share/vm/interpreter/linkResolver.cpp, line 1178]
Event: 0,240 Thread 0xa23e6000 Exception <a 'java/lang/NullPointerException'> (0xd25044e8) thrown at [/HUDSON/workspace/8-2-build-linux-i586/jdk8u91/6644/hotspot/src/share/vm/prims/jvm.cpp, line 1390]
Event: 1,419 Thread 0xa23e6000 Exception <a 'java/lang/UnsatisfiedLinkError': com.sun.media.jfxmediaimpl.NativeAudioClip.nacInit()Z> (0xd244a100) thrown at [/HUDSON/workspace/8-2-build-linux-i586/jdk8u91/6644/hotspot/src/share/vm/prims/nativeLookup.cpp, line 378]
Event: 1,419 Thread 0xa23e6000 Exception <a 'java/lang/UnsatisfiedLinkError': com.sun.media.jfxmedia.logging.Logger.nativeSetNativeLevel(I)V> (0xd244dfa0) thrown at [/HUDSON/workspace/8-2-build-linux-i586/jdk8u91/6644/hotspot/src/share/vm/prims/nativeLookup.cpp, line 378]
Event: 5,158 Thread 0xa23e6000 Implicit null exception at 0xe794f629 to 0xe7950559

Events (10 events):
Event: 30,575 loading class java/lang/ref/ReferenceQueue$1
Event: 30,575 loading class java/lang/ref/ReferenceQueue$1 done
Event: 258,505 Executing VM operation: ParallelGCFailedAllocation
Event: 258,509 Executing VM operation: ParallelGCFailedAllocation done
Event: 400,539 Thread 0xa23e6000 Uncommon trap: trap_request=0xffffff65 fr.pc=0xe79c0650
Event: 400,539 Thread 0xa23e6000 DEOPT PACKING pc=0xe79c0650 sp=0x9ea04110
Event: 400,539 Thread 0xa23e6000 DEOPT UNPACKING pc=0xe753ae55 sp=0x9ea04098 mode 2
Event: 400,540 Thread 0xa23e6000 Uncommon trap: trap_request=0xffffff65 fr.pc=0xe79b6b3c
Event: 400,540 Thread 0xa23e6000 DEOPT PACKING pc=0xe79b6b3c sp=0x9ea046c0
Event: 400,540 Thread 0xa23e6000 DEOPT UNPACKING pc=0xe753ae55 sp=0x9ea04684 mode 2


Dynamic libraries:
08048000-08049000 r-xp 00000000 08:02 528052                             /home/jorge/jdk1.8.0_91/jre/bin/java
08049000-0804a000 rw-p 00000000 08:02 528052                             /home/jorge/jdk1.8.0_91/jre/bin/java
083f7000-0887c000 rw-p 00000000 00:00 0                                  [heap]
9bf00000-9bf2b000 rw-p 00000000 00:00 0 
9bf2b000-9c000000 ---p 00000000 00:00 0 
9c100000-9c1b9000 rw-p 00000000 00:00 0 
9c1b9000-9c200000 ---p 00000000 00:00 0 
9c280000-9c300000 rw-s 10ae91000 00:06 10690                             /dev/dri/card1
9c300000-9c380000 rw-s 10acc5000 00:06 10690                             /dev/dri/card1
9c380000-9c400000 rw-s 10ad45000 00:06 10690                             /dev/dri/card1
9c400000-9c4a0000 rw-p 00000000 00:00 0 
9c4a0000-9c500000 ---p 00000000 00:00 0 
9c500000-9c526000 rw-p 00000000 00:00 0 
9c526000-9c600000 ---p 00000000 00:00 0 
9c67e000-9c6b3000 r-xp 00000000 08:02 527754                             /home/jorge/jdk1.8.0_91/jre/lib/i386/libjavafx_iio.so
9c6b3000-9c6b4000 rw-p 00034000 08:02 527754                             /home/jorge/jdk1.8.0_91/jre/lib/i386/libjavafx_iio.so
9c6b4000-9c8d5000 rw-p 00000000 00:00 0 
9c8d5000-9c8d8000 ---p 00000000 00:00 0 
9c8d8000-9c926000 rw-p 00000000 00:00 0                                  [stack:4030]
9c926000-9ca17000 r-xp 00000000 08:02 18391875                           /usr/lib/i386-linux-gnu/libasound.so.2.0.0
9ca17000-9ca1b000 r--p 000f0000 08:02 18391875                           /usr/lib/i386-linux-gnu/libasound.so.2.0.0
9ca1b000-9ca1c000 rw-p 000f4000 08:02 18391875                           /usr/lib/i386-linux-gnu/libasound.so.2.0.0
9ca3c000-9cb8b000 r-xp 00000000 08:02 527685                             /home/jorge/jdk1.8.0_91/jre/lib/i386/libgstreamer-lite.so
9cb8b000-9cb93000 rw-p 0014e000 08:02 527685                             /home/jorge/jdk1.8.0_91/jre/lib/i386/libgstreamer-lite.so
9cb93000-9cb94000 rw-p 00000000 00:00 0 
9cb94000-9cbbb000 r-xp 00000000 08:02 527803                             /home/jorge/jdk1.8.0_91/jre/lib/i386/libjfxmedia.so
9cbbb000-9cbbc000 rw-p 00026000 08:02 527803                             /home/jorge/jdk1.8.0_91/jre/lib/i386/libjfxmedia.so
9cbbc000-9cbbf000 ---p 00000000 00:00 0 
9cbbf000-9cc0d000 rw-p 00000000 00:00 0 
9cc0d000-9cc10000 ---p 00000000 00:00 0 
9cc10000-9cc5e000 rw-p 00000000 00:00 0 
9cc5e000-9cc61000 ---p 00000000 00:00 0 
9cc61000-9ccaf000 rw-p 00000000 00:00 0 
9ccaf000-9ccb2000 ---p 00000000 00:00 0 
9ccb2000-9cd00000 rw-p 00000000 00:00 0 
9cd00000-9cf00000 rw-s 10d9d6000 00:06 10690                             /dev/dri/card1
9cf00000-9d900000 rwxp 00000000 00:00 0 
9d900000-9da00000 rw-p 00000000 00:00 0 
9da00000-9db00000 rw-p 00000000 00:00 0 
9db00000-9dc00000 rw-p 00000000 00:00 0 
9dc18000-9dcc2000 r--p 00000000 08:02 19700964                           /usr/share/fonts/truetype/dejavu/DejaVuSans-Bold.ttf
9dcc2000-9dcc5000 ---p 00000000 00:00 0 
9dcc5000-9dd13000 rw-p 00000000 00:00 0                                  [stack:4025]
9dd13000-9ddc9000 r--p 00000000 08:02 19700968                           /usr/share/fonts/truetype/dejavu/DejaVuSans.ttf
9ddc9000-9de1e000 r--p 00000000 08:02 527634                             /home/jorge/jdk1.8.0_91/jre/lib/fonts/LucidaBrightRegular.ttf
9de1e000-9de31000 r--p 00000000 08:02 527628                             /home/jorge/jdk1.8.0_91/jre/lib/fonts/LucidaBrightDemiBold.ttf
9de31000-9de7f000 r--p 00000000 08:02 527654                             /home/jorge/jdk1.8.0_91/jre/lib/fonts/LucidaSansDemiBold.ttf
9de7f000-9df2a000 r--p 00000000 08:02 527668                             /home/jorge/jdk1.8.0_91/jre/lib/fonts/LucidaSansRegular.ttf
9df2a000-9df64000 r--p 00000000 08:02 527627                             /home/jorge/jdk1.8.0_91/jre/lib/fonts/LucidaTypewriterBold.ttf
9df64000-9dfa0000 r--p 00000000 08:02 527613                             /home/jorge/jdk1.8.0_91/jre/lib/fonts/LucidaTypewriterRegular.ttf
9dfa0000-9e0a0000 rw-p 00000000 00:00 0 
9e0a0000-9e100000 rw-s 00000000 00:05 2588687                            /SYSV00000000 (deleted)
9e100000-9e200000 rw-p 00000000 00:00 0 
9e200000-9e300000 rw-p 00000000 00:00 0 
9e300000-9e400000 rw-p 00000000 00:00 0 
9e400000-9e500000 rw-p 00000000 00:00 0 
9e500000-9e521000 rw-p 00000000 00:00 0 
9e521000-9e600000 ---p 00000000 00:00 0 
9e601000-9e602000 rw-p 00000000 00:00 0 
9e602000-9e615000 r--p 00000000 08:02 527616                             /home/jorge/jdk1.8.0_91/jre/lib/fonts/LucidaBrightDemiItalic.ttf
9e615000-9e629000 r--p 00000000 08:02 527652                             /home/jorge/jdk1.8.0_91/jre/lib/fonts/LucidaBrightItalic.ttf
9e629000-9e62d000 r-xp 00000000 08:02 527651                             /home/jorge/jdk1.8.0_91/jre/lib/i386/libjavafx_font_pango.so
9e62d000-9e62e000 rw-p 00003000 08:02 527651                             /home/jorge/jdk1.8.0_91/jre/lib/i386/libjavafx_font_pango.so
9e62e000-9e633000 r--s 00084000 08:02 528016                             /home/jorge/jdk1.8.0_91/jre/lib/jfr.jar
9e633000-9e668000 r-xp 00000000 08:02 18518634                           /usr/lib/i386-linux-gnu/gtk-2.0/2.10.0/engines/libmurrine.so
9e668000-9e669000 r--p 00034000 08:02 18518634                           /usr/lib/i386-linux-gnu/gtk-2.0/2.10.0/engines/libmurrine.so
9e669000-9e66a000 rw-p 00035000 08:02 18518634                           /usr/lib/i386-linux-gnu/gtk-2.0/2.10.0/engines/libmurrine.so
9e66a000-9e673000 r-xp 00000000 08:02 18518240                           /usr/lib/i386-linux-gnu/gtk-2.0/2.10.0/engines/libpixmap.so
9e673000-9e674000 r--p 00008000 08:02 18518240                           /usr/lib/i386-linux-gnu/gtk-2.0/2.10.0/engines/libpixmap.so
9e674000-9e675000 rw-p 00009000 08:02 18518240                           /usr/lib/i386-linux-gnu/gtk-2.0/2.10.0/engines/libpixmap.so
9e675000-9e676000 r--s 00000000 08:02 526188                             /home/jorge/.cache/fontconfig/c05880de57d1f5e948fdfacc138775d9-le32d4.cache-4
9e676000-9e67e000 r--s 00000000 08:02 526187                             /home/jorge/.cache/fontconfig/945677eb7aeaf62f1d50efc3fb3ec7d8-le32d4.cache-4
9e67e000-9e680000 r--s 00000000 08:02 526186                             /home/jorge/.cache/fontconfig/99e8ed0e538f840c565b6ed5dad60d56-le32d4.cache-4
9e680000-9e684000 r--s 00000000 08:02 526185                             /home/jorge/.cache/fontconfig/2cd17615ca594fa2959ae173292e504c-le32d4.cache-4
9e684000-9e685000 r--s 00000000 08:02 526184                             /home/jorge/.cache/fontconfig/e7071f4a29fa870f4323321c154eba04-le32d4.cache-4
9e685000-9e68a000 r--s 00000000 08:02 526182                             /home/jorge/.cache/fontconfig/a755afe4a08bf5b97852ceb7400b47bc-le32d4.cache-4
9e68a000-9e693000 r--s 00000000 08:02 526181                             /home/jorge/.cache/fontconfig/6d41288fd70b0be22e8c3a91e032eec0-le32d4.cache-4
9e693000-9e6a2000 r--s 00000000 08:02 526180                             /home/jorge/.cache/fontconfig/04aabc0a78ac019cf9454389977116d2-le32d4.cache-4
9e6a2000-9e6af000 r--s 00000000 08:02 526174                             /home/jorge/.cache/fontconfig/0bd3dc0958fa2205aaaa8ebb13e2872b-le32d4.cache-4
9e6af000-9e6b2000 ---p 00000000 00:00 0 
9e6b2000-9e800000 rw-p 00000000 00:00 0                                  [stack:4024]
9e800000-9e900000 rw-p 00000000 00:00 0 
9e900000-9e901000 r--s 00000000 08:02 526183                             /home/jorge/.cache/fontconfig/0d8c3b2ac0904cb8a57a757ad11a4a08-le32d4.cache-4
9e901000-9e904000 r--s 00000000 08:02 526178                             /home/jorge/.cache/fontconfig/385c0604a188198f04d133e54aba7fe7-le32d4.cache-4
9e904000-9e906000 r--s 00000000 08:02 526176                             /home/jorge/.cache/fontconfig/767a8244fc0220cfb567a839d0392e0b-le32d4.cache-4
9e906000-9e90a000 r--s 00000000 08:02 526173                             /home/jorge/.cache/fontconfig/8801497958630a81b71ace7c5f9b32a8-le32d4.cache-4
9e90a000-9e90f000 r--s 00000000 08:02 526172                             /home/jorge/.cache/fontconfig/3047814df9a2f067bd2d96a2b9c36e5a-le32d4.cache-4
9e90f000-9e913000 r--s 00000000 08:02 526169                             /home/jorge/.cache/fontconfig/b47c4e1ecd0709278f4910c18777a504-le32d4.cache-4
9e913000-9e923000 r--s 00000000 08:02 526167                             /home/jorge/.cache/fontconfig/d52a8644073d54c13679302ca1180695-le32d4.cache-4
9e923000-9e92a000 r--s 00000000 08:02 526165                             /home/jorge/.cache/fontconfig/3f7329c5293ffd510edef78f73874cfd-le32d4.cache-4
9e92a000-9e933000 r--s 00000000 08:02 526164                             /home/jorge/.cache/fontconfig/d589a48862398ed80a3d6066f4f56f4c-le32d4.cache-4
9e933000-9e935000 r--s 00000000 08:02 526154                             /home/jorge/.cache/fontconfig/e13b20fdb08344e0e664864cc2ede53d-le32d4.cache-4
9e935000-9e9b5000 rw-s 10b196000 00:06 10690                             /dev/dri/card1
9e9b5000-9e9b8000 ---p 00000000 00:00 0 
9e9b8000-9ea06000 rw-p 00000000 00:00 0                                  [stack:4023]
9ea06000-9ea09000 ---p 00000000 00:00 0 
9ea09000-9ea57000 rw-p 00000000 00:00 0                                  [stack:4022]
9ea57000-9ea7b000 r-xp 00000000 08:02 527853                             /home/jorge/jdk1.8.0_91/jre/lib/i386/libglass.so
9ea7b000-9ea7d000 rw-p 00024000 08:02 527853                             /home/jorge/jdk1.8.0_91/jre/lib/i386/libglass.so
9ea7d000-9eafd000 rw-s 10ac45000 00:06 10690                             /dev/dri/card1
9eafd000-9eb32000 r-xp 00000000 08:02 18392218                           /usr/lib/i386-linux-gnu/libtxc_dxtn_s2tc.so.0.0.0
9eb32000-9eb33000 r--p 00034000 08:02 18392218                           /usr/lib/i386-linux-gnu/libtxc_dxtn_s2tc.so.0.0.0
9eb33000-9eb34000 rw-p 00035000 08:02 18392218                           /usr/lib/i386-linux-gnu/libtxc_dxtn_s2tc.so.0.0.0
9eb34000-9eb52000 r-xp 00000000 08:02 49117869                           /lib/i386-linux-gnu/libtinfo.so.5.9
9eb52000-9eb53000 ---p 0001e000 08:02 49117869                           /lib/i386-linux-gnu/libtinfo.so.5.9
9eb53000-9eb55000 r--p 0001e000 08:02 49117869                           /lib/i386-linux-gnu/libtinfo.so.5.9
9eb55000-9eb56000 rw-p 00020000 08:02 49117869                           /lib/i386-linux-gnu/libtinfo.so.5.9
9eb56000-9eb7d000 r-xp 00000000 08:02 18391934                           /usr/lib/i386-linux-gnu/libedit.so.2.0.47
9eb7d000-9eb7e000 ---p 00027000 08:02 18391934                           /usr/lib/i386-linux-gnu/libedit.so.2.0.47
9eb7e000-9eb7f000 r--p 00027000 08:02 18391934                           /usr/lib/i386-linux-gnu/libedit.so.2.0.47
9eb7f000-9eb80000 rw-p 00028000 08:02 18391934                           /usr/lib/i386-linux-gnu/libedit.so.2.0.47
9eb80000-9eb82000 rw-p 00000000 00:00 0 
9eb82000-a08e6000 r-xp 00000000 08:02 18391754                           /usr/lib/i386-linux-gnu/libLLVM-3.6.so.1
a08e6000-a0a5f000 r--p 01d63000 08:02 18391754                           /usr/lib/i386-linux-gnu/libLLVM-3.6.so.1
a0a5f000-a0a63000 rw-p 01edc000 08:02 18391754                           /usr/lib/i386-linux-gnu/libLLVM-3.6.so.1
a0a63000-a0a6f000 rw-p 00000000 00:00 0 
a0a6f000-a0a85000 r-xp 00000000 08:02 18391935                           /usr/lib/i386-linux-gnu/libelf-0.158.so
a0a85000-a0a86000 r--p 00015000 08:02 18391935                           /usr/lib/i386-linux-gnu/libelf-0.158.so
a0a86000-a0a87000 rw-p 00016000 08:02 18391935                           /usr/lib/i386-linux-gnu/libelf-0.158.so
a0a87000-a0a92000 r-xp 00000000 08:02 18390208                           /usr/lib/i386-linux-gnu/libdrm_radeon.so.1.0.1
a0a92000-a0a93000 r--p 0000a000 08:02 18390208                           /usr/lib/i386-linux-gnu/libdrm_radeon.so.1.0.1
a0a93000-a0a94000 rw-p 0000b000 08:02 18390208                           /usr/lib/i386-linux-gnu/libdrm_radeon.so.1.0.1
a0a94000-a0a9a000 r-xp 00000000 08:02 18390204                           /usr/lib/i386-linux-gnu/libdrm_nouveau.so.2.0.0
a0a9a000-a0a9b000 r--p 00005000 08:02 18390204                           /usr/lib/i386-linux-gnu/libdrm_nouveau.so.2.0.0
a0a9b000-a0a9c000 rw-p 00006000 08:02 18390204                           /usr/lib/i386-linux-gnu/libdrm_nouveau.so.2.0.0
a0a9c000-a1229000 r-xp 00000000 08:02 18518218                           /usr/lib/i386-linux-gnu/dri/nouveau_dri.so
a1229000-a122a000 ---p 0078d000 08:02 18518218                           /usr/lib/i386-linux-gnu/dri/nouveau_dri.so
a122a000-a1266000 r--p 0078d000 08:02 18518218                           /usr/lib/i386-linux-gnu/dri/nouveau_dri.so
a1266000-a126f000 rw-p 007c9000 08:02 18518218                           /usr/lib/i386-linux-gnu/dri/nouveau_dri.so
a126f000-a1452000 rw-p 00000000 00:00 0 
a1452000-a149b000 r-xp 00000000 08:02 49117803                           /lib/i386-linux-gnu/libdbus-1.so.3.7.6
a149b000-a149c000 r--p 00048000 08:02 49117803                           /lib/i386-linux-gnu/libdbus-1.so.3.7.6
a149c000-a149d000 rw-p 00049000 08:02 49117803                           /lib/i386-linux-gnu/libdbus-1.so.3.7.6
a149d000-a14a5000 r-xp 00000000 08:02 49117831                           /lib/i386-linux-gnu/libnih-dbus.so.1.0.0
a14a5000-a14a6000 r--p 00007000 08:02 49117831                           /lib/i386-linux-gnu/libnih-dbus.so.1.0.0
a14a6000-a14a7000 rw-p 00008000 08:02 49117831                           /lib/i386-linux-gnu/libnih-dbus.so.1.0.0
a14a7000-a14be000 r-xp 00000000 08:02 49117833                           /lib/i386-linux-gnu/libnih.so.1.0.0
a14be000-a14bf000 r--p 00016000 08:02 49117833                           /lib/i386-linux-gnu/libnih.so.1.0.0
a14bf000-a14c0000 rw-p 00017000 08:02 49117833                           /lib/i386-linux-gnu/libnih.so.1.0.0
a14c0000-a14dc000 r-xp 00000000 08:02 49117793                           /lib/i386-linux-gnu/libcgmanager.so.0.0.0
a14dc000-a14dd000 r--p 0001b000 08:02 49117793                           /lib/i386-linux-gnu/libcgmanager.so.0.0.0
a14dd000-a14de000 rw-p 0001c000 08:02 49117793                           /lib/i386-linux-gnu/libcgmanager.so.0.0.0
a14de000-a14ef000 r-xp 00000000 08:02 49117871                           /lib/i386-linux-gnu/libudev.so.1.3.5
a14ef000-a14f0000 r--p 00010000 08:02 49117871                           /lib/i386-linux-gnu/libudev.so.1.3.5
a14f0000-a14f1000 rw-p 00011000 08:02 49117871                           /lib/i386-linux-gnu/libudev.so.1.3.5
a14f1000-a14f8000 r-xp 00000000 08:02 18391920                           /usr/lib/i386-linux-gnu/libdatrie.so.1.3.1
a14f8000-a14f9000 r--p 00006000 08:02 18391920                           /usr/lib/i386-linux-gnu/libdatrie.so.1.3.1
a14f9000-a14fa000 rw-p 00007000 08:02 18391920                           /usr/lib/i386-linux-gnu/libdatrie.so.1.3.1
a14fa000-a14ff000 r-xp 00000000 08:02 18391839                           /usr/lib/i386-linux-gnu/libXdmcp.so.6.0.0
a14ff000-a1500000 r--p 00004000 08:02 18391839                           /usr/lib/i386-linux-gnu/libXdmcp.so.6.0.0
a1500000-a1501000 rw-p 00005000 08:02 18391839                           /usr/lib/i386-linux-gnu/libXdmcp.so.6.0.0
a1501000-a1503000 r-xp 00000000 08:02 18391826                           /usr/lib/i386-linux-gnu/libXau.so.6.0.0
a1503000-a1504000 r--p 00001000 08:02 18391826                           /usr/lib/i386-linux-gnu/libXau.so.6.0.0
a1504000-a1505000 rw-p 00002000 08:02 18391826                           /usr/lib/i386-linux-gnu/libXau.so.6.0.0
a1505000-a1528000 r-xp 00000000 08:02 18386996                           /usr/lib/i386-linux-gnu/libgraphite2.so.3.0.1
a1528000-a1529000 ---p 00023000 08:02 18386996                           /usr/lib/i386-linux-gnu/libgraphite2.so.3.0.1
a1529000-a152a000 r--p 00023000 08:02 18386996                           /usr/lib/i386-linux-gnu/libgraphite2.so.3.0.1
a152a000-a152b000 rw-p 00024000 08:02 18386996                           /usr/lib/i386-linux-gnu/libgraphite2.so.3.0.1
a152b000-a1538000 r-xp 00000000 08:02 18390190                           /usr/lib/i386-linux-gnu/libdrm.so.2.4.0
a1538000-a1539000 r--p 0000c000 08:02 18390190                           /usr/lib/i386-linux-gnu/libdrm.so.2.4.0
a1539000-a153a000 rw-p 0000d000 08:02 18390190                           /usr/lib/i386-linux-gnu/libdrm.so.2.4.0
a153a000-a1550000 r-xp 00000000 08:02 18392247                           /usr/lib/i386-linux-gnu/libxcb-glx.so.0.0.0
a1550000-a1551000 r--p 00016000 08:02 18392247                           /usr/lib/i386-linux-gnu/libxcb-glx.so.0.0.0
a1551000-a1552000 rw-p 00017000 08:02 18392247                           /usr/lib/i386-linux-gnu/libxcb-glx.so.0.0.0
a1552000-a158e000 r-xp 00000000 08:02 49121008                           /lib/i386-linux-gnu/libpcre.so.3.13.1
a158e000-a158f000 r--p 0003b000 08:02 49121008                           /lib/i386-linux-gnu/libpcre.so.3.13.1
a158f000-a1590000 rw-p 0003c000 08:02 49121008                           /lib/i386-linux-gnu/libpcre.so.3.13.1
a1590000-a15b5000 r-xp 00000000 08:02 49117807                           /lib/i386-linux-gnu/libexpat.so.1.6.0
a15b5000-a15b6000 ---p 00025000 08:02 49117807                           /lib/i386-linux-gnu/libexpat.so.1.6.0
a15b6000-a15b8000 r--p 00025000 08:02 49117807                           /lib/i386-linux-gnu/libexpat.so.1.6.0
a15b8000-a15b9000 rw-p 00027000 08:02 49117807                           /lib/i386-linux-gnu/libexpat.so.1.6.0
a15b9000-a15d9000 r-xp 00000000 08:02 18392257                           /usr/lib/i386-linux-gnu/libxcb.so.1.1.0
a15d9000-a15da000 r--p 0001f000 08:02 18392257                           /usr/lib/i386-linux-gnu/libxcb.so.1.1.0
a15da000-a15db000 rw-p 00020000 08:02 18392257                           /usr/lib/i386-linux-gnu/libxcb.so.1.1.0
a15db000-a1601000 r-xp 00000000 08:02 49121042                           /lib/i386-linux-gnu/libpng12.so.0.50.0
a1601000-a1602000 r--p 00025000 08:02 49121042                           /lib/i386-linux-gnu/libpng12.so.0.50.0
a1602000-a1603000 rw-p 00026000 08:02 49121042                           /lib/i386-linux-gnu/libpng12.so.0.50.0
a1603000-a16a6000 r-xp 00000000 08:02 18390186                           /usr/lib/i386-linux-gnu/libpixman-1.so.0.30.2
a16a6000-a16ab000 r--p 000a3000 08:02 18390186                           /usr/lib/i386-linux-gnu/libpixman-1.so.0.30.2
a16ab000-a16ac000 rw-p 000a8000 08:02 18390186                           /usr/lib/i386-linux-gnu/libpixman-1.so.0.30.2
a16ac000-a1700000 r-xp 00000000 08:02 18392080                           /usr/lib/i386-linux-gnu/libharfbuzz.so.0.927.0
a1700000-a1701000 r--p 00054000 08:02 18392080                           /usr/lib/i386-linux-gnu/libharfbuzz.so.0.927.0
a1701000-a1702000 rw-p 00055000 08:02 18392080                           /usr/lib/i386-linux-gnu/libharfbuzz.so.0.927.0
a1702000-a17de000 r-xp 00000000 08:02 18386329                           /usr/lib/i386-linux-gnu/libstdc++.so.6.0.19
a17de000-a17e2000 r--p 000dc000 08:02 18386329                           /usr/lib/i386-linux-gnu/libstdc++.so.6.0.19
a17e2000-a17e3000 rw-p 000e0000 08:02 18386329                           /usr/lib/i386-linux-gnu/libstdc++.so.6.0.19
a17e3000-a17ea000 rw-p 00000000 00:00 0 
a17ea000-a1877000 r-xp 00000000 08:02 18518745                           /usr/lib/i386-linux-gnu/mesa/libGL.so.1.2.0
a1877000-a1879000 r--p 0008c000 08:02 18518745                           /usr/lib/i386-linux-gnu/mesa/libGL.so.1.2.0
a1879000-a187e000 rwxp 0008e000 08:02 18518745                           /usr/lib/i386-linux-gnu/mesa/libGL.so.1.2.0
a187e000-a187f000 rwxp 00000000 00:00 0 
a187f000-a19af000 r-xp 00000000 08:02 18391824                           /usr/lib/i386-linux-gnu/libX11.so.6.3.0
a19af000-a19b0000 r--p 00130000 08:02 18391824                           /usr/lib/i386-linux-gnu/libX11.so.6.3.0
a19b0000-a19b2000 rw-p 00131000 08:02 18391824                           /usr/lib/i386-linux-gnu/libX11.so.6.3.0
a19b2000-a19b3000 rw-p 00000000 00:00 0 
a19b3000-a1abd000 r-xp 00000000 08:02 49117812                           /lib/i386-linux-gnu/libglib-2.0.so.0.4002.0
a1abd000-a1abe000 r--p 00109000 08:02 49117812                           /lib/i386-linux-gnu/libglib-2.0.so.0.4002.0
a1abe000-a1abf000 rw-p 0010a000 08:02 49117812                           /lib/i386-linux-gnu/libglib-2.0.so.0.4002.0
a1abf000-a1b0f000 r-xp 00000000 08:02 18391986                           /usr/lib/i386-linux-gnu/libgobject-2.0.so.0.4002.0
a1b0f000-a1b10000 r--p 0004f000 08:02 18391986                           /usr/lib/i386-linux-gnu/libgobject-2.0.so.0.4002.0
a1b10000-a1b11000 rw-p 00050000 08:02 18391986                           /usr/lib/i386-linux-gnu/libgobject-2.0.so.0.4002.0
a1b11000-a1b4a000 r-xp 00000000 08:02 18391950                           /usr/lib/i386-linux-gnu/libfontconfig.so.1.8.0
a1b4a000-a1b4b000 r--p 00039000 08:02 18391950                           /usr/lib/i386-linux-gnu/libfontconfig.so.1.8.0
a1b4b000-a1b4c000 rw-p 0003a000 08:02 18391950                           /usr/lib/i386-linux-gnu/libfontconfig.so.1.8.0
a1b4c000-a1be7000 r-xp 00000000 08:02 18391956                           /usr/lib/i386-linux-gnu/libfreetype.so.6.11.1
a1be7000-a1beb000 r--p 0009a000 08:02 18391956                           /usr/lib/i386-linux-gnu/libfreetype.so.6.11.1
a1beb000-a1bec000 rw-p 0009e000 08:02 18391956                           /usr/lib/i386-linux-gnu/libfreetype.so.6.11.1
a1bec000-a1d0b000 r-xp 00000000 08:02 18391897                           /usr/lib/i386-linux-gnu/libcairo.so.2.11301.0
a1d0b000-a1d0d000 r--p 0011e000 08:02 18391897                           /usr/lib/i386-linux-gnu/libcairo.so.2.11301.0
a1d0d000-a1d0e000 rw-p 00120000 08:02 18391897                           /usr/lib/i386-linux-gnu/libcairo.so.2.11301.0
a1d0e000-a1d0f000 rw-p 00000000 00:00 0 
a1d0f000-a1e8c000 r-xp 00000000 08:02 18391976                           /usr/lib/i386-linux-gnu/libgio-2.0.so.0.4002.0
a1e8c000-a1e8e000 r--p 0017d000 08:02 18391976                           /usr/lib/i386-linux-gnu/libgio-2.0.so.0.4002.0
a1e8e000-a1e8f000 rw-p 0017f000 08:02 18391976                           /usr/lib/i386-linux-gnu/libgio-2.0.so.0.4002.0
a1e8f000-a1e90000 rw-p 00000000 00:00 0 
a1e90000-a22f8000 r-xp 00000000 08:02 18390175                           /usr/lib/i386-linux-gnu/libgtk-x11-2.0.so.0.2400.23
a22f8000-a22fc000 r--p 00467000 08:02 18390175                           /usr/lib/i386-linux-gnu/libgtk-x11-2.0.so.0.2400.23
a22fc000-a22fe000 rw-p 0046b000 08:02 18390175                           /usr/lib/i386-linux-gnu/libgtk-x11-2.0.so.0.2400.23
a22fe000-a2300000 rw-p 00000000 00:00 0 
a2300000-a2400000 rw-p 00000000 00:00 0 
a2400000-a2401000 r--s 00000000 08:02 526179                             /home/jorge/.cache/fontconfig/1ac9eb803944fde146138c791f5cc56a-le32d4.cache-4
a2401000-a2406000 r-xp 00000000 08:02 18392255                           /usr/lib/i386-linux-gnu/libxcb-sync.so.1.0.0
a2406000-a2407000 r--p 00004000 08:02 18392255                           /usr/lib/i386-linux-gnu/libxcb-sync.so.1.0.0
a2407000-a2408000 rw-p 00005000 08:02 18392255                           /usr/lib/i386-linux-gnu/libxcb-sync.so.1.0.0
a2408000-a2419000 r-xp 00000000 08:02 18391978                           /usr/lib/i386-linux-gnu/libglapi.so.0.0.0
a2419000-a241b000 r--p 00011000 08:02 18391978                           /usr/lib/i386-linux-gnu/libglapi.so.0.0.0
a241b000-a2420000 rwxp 00013000 08:02 18391978                           /usr/lib/i386-linux-gnu/libglapi.so.0.0.0
a2420000-a2421000 rwxp 00000000 00:00 0 
a2421000-a2434000 r-xp 00000000 08:02 49121275                           /lib/i386-linux-gnu/libresolv-2.19.so
a2434000-a2435000 ---p 00013000 08:02 49121275                           /lib/i386-linux-gnu/libresolv-2.19.so
a2435000-a2436000 r--p 00013000 08:02 49121275                           /lib/i386-linux-gnu/libresolv-2.19.so
a2436000-a2437000 rw-p 00014000 08:02 49121275                           /lib/i386-linux-gnu/libresolv-2.19.so
a2437000-a2439000 rw-p 00000000 00:00 0 
a2439000-a24e5000 r-xp 00000000 08:02 18390177                           /usr/lib/i386-linux-gnu/libgdk-x11-2.0.so.0.2400.23
a24e5000-a24e7000 r--p 000ab000 08:02 18390177                           /usr/lib/i386-linux-gnu/libgdk-x11-2.0.so.0.2400.23
a24e7000-a24e8000 rw-p 000ad000 08:02 18390177                           /usr/lib/i386-linux-gnu/libgdk-x11-2.0.so.0.2400.23
a24e8000-a257d000 r--s 01103000 08:02 527919                             /home/jorge/jdk1.8.0_91/jre/lib/ext/jfxrt.jar
a257d000-a257e000 ---p 00000000 00:00 0 
a257e000-a25fe000 rw-p 00000000 00:00 0                                  [stack:4020]
a25fe000-a2601000 ---p 00000000 00:00 0 
a2601000-a267f000 rw-p 00000000 00:00 0                                  [stack:4018]
a267f000-a2682000 ---p 00000000 00:00 0 
a2682000-a2700000 rw-p 00000000 00:00 0                                  [stack:4017]
a2700000-a2800000 rw-p 00000000 00:00 0 
a2800000-a28fd000 rw-p 00000000 00:00 0 
a28fd000-a2900000 ---p 00000000 00:00 0 
a2900000-a2901000 r-xp 00000000 08:02 18392261                           /usr/lib/i386-linux-gnu/libxshmfence.so.1.0.0
a2901000-a2902000 r--p 00000000 08:02 18392261                           /usr/lib/i386-linux-gnu/libxshmfence.so.1.0.0
a2902000-a2903000 rw-p 00001000 08:02 18392261                           /usr/lib/i386-linux-gnu/libxshmfence.so.1.0.0
a2903000-a2905000 r-xp 00000000 08:02 18392249                           /usr/lib/i386-linux-gnu/libxcb-present.so.0.0.0
a2905000-a2906000 r--p 00001000 08:02 18392249                           /usr/lib/i386-linux-gnu/libxcb-present.so.0.0.0
a2906000-a2907000 rw-p 00002000 08:02 18392249                           /usr/lib/i386-linux-gnu/libxcb-present.so.0.0.0
a2907000-a2909000 r-xp 00000000 08:02 18392245                           /usr/lib/i386-linux-gnu/libxcb-dri3.so.0.0.0
a2909000-a290a000 r--p 00001000 08:02 18392245                           /usr/lib/i386-linux-gnu/libxcb-dri3.so.0.0.0
a290a000-a290b000 rw-p 00002000 08:02 18392245                           /usr/lib/i386-linux-gnu/libxcb-dri3.so.0.0.0
a290b000-a292b000 r-xp 00000000 08:02 49117861                           /lib/i386-linux-gnu/libselinux.so.1
a292b000-a292c000 r--p 0001f000 08:02 49117861                           /lib/i386-linux-gnu/libselinux.so.1
a292c000-a292d000 rw-p 00020000 08:02 49117861                           /lib/i386-linux-gnu/libselinux.so.1
a292d000-a292e000 rw-p 00000000 00:00 0 
a292e000-a2931000 ---p 00000000 00:00 0 
a2931000-a297f000 rw-p 00000000 00:00 0                                  [stack:4021]
a297f000-a2982000 ---p 00000000 00:00 0 
a2982000-a2a00000 rw-p 00000000 00:00 0                                  [stack:4016]
a2a00000-a2a21000 rw-p 00000000 00:00 0 
a2a21000-a2b00000 ---p 00000000 00:00 0 
a2b00000-a2b4a000 r-xp 00000000 08:02 18392138                           /usr/lib/i386-linux-gnu/libpango-1.0.so.0.3600.3
a2b4a000-a2b4b000 ---p 0004a000 08:02 18392138                           /usr/lib/i386-linux-gnu/libpango-1.0.so.0.3600.3
a2b4b000-a2b4c000 r--p 0004a000 08:02 18392138                           /usr/lib/i386-linux-gnu/libpango-1.0.so.0.3600.3
a2b4c000-a2b4d000 rw-p 0004b000 08:02 18392138                           /usr/lib/i386-linux-gnu/libpango-1.0.so.0.3600.3
a2b4d000-a2b50000 ---p 00000000 00:00 0 
a2b50000-a2bce000 rw-p 00000000 00:00 0                                  [stack:4015]
a2bce000-a2d00000 r--p 002c8000 08:02 18392373                           /usr/lib/locale/locale-archive
a2d00000-a2f00000 r--p 00000000 08:02 18392373                           /usr/lib/locale/locale-archive
a2f00000-a2f21000 rw-p 00000000 00:00 0 
a2f21000-a3000000 ---p 00000000 00:00 0 
a3000000-a30e9000 rw-p 00000000 00:00 0 
a30e9000-a3100000 ---p 00000000 00:00 0 
a3100000-a3200000 rw-p 00000000 00:00 0 
a3200000-a3300000 rw-p 00000000 00:00 0 
a3300000-a33f9000 rw-p 00000000 00:00 0 
a33f9000-a3400000 ---p 00000000 00:00 0 
a3400000-a3404000 r-xp 00000000 08:02 18392243                           /usr/lib/i386-linux-gnu/libxcb-dri2.so.0.0.0
a3404000-a3405000 r--p 00003000 08:02 18392243                           /usr/lib/i386-linux-gnu/libxcb-dri2.so.0.0.0
a3405000-a3406000 rw-p 00004000 08:02 18392243                           /usr/lib/i386-linux-gnu/libxcb-dri2.so.0.0.0
a3406000-a3407000 r-xp 00000000 08:02 18391822                           /usr/lib/i386-linux-gnu/libX11-xcb.so.1.0.0
a3407000-a3408000 r--p 00000000 08:02 18391822                           /usr/lib/i386-linux-gnu/libX11-xcb.so.1.0.0
a3408000-a3409000 rw-p 00001000 08:02 18391822                           /usr/lib/i386-linux-gnu/libX11-xcb.so.1.0.0
a3409000-a340c000 ---p 00000000 00:00 0 
a340c000-a345a000 rw-p 00000000 00:00 0                                  [stack:4019]
a345a000-a345b000 ---p 00000000 00:00 0 
a345b000-a34db000 rw-p 00000000 00:00 0                                  [stack:4011]
a34db000-a36b4000 r--s 03d1f000 08:02 528029                             /home/jorge/jdk1.8.0_91/jre/lib/rt.jar
a36b4000-a3afa000 rw-p 00000000 00:00 0 
a3afa000-a3b00000 ---p 00000000 00:00 0 
a3b00000-a5f00000 rw-p 00000000 00:00 0 
a5f00000-a5f21000 rw-p 00000000 00:00 0 
a5f21000-a6000000 ---p 00000000 00:00 0 
a6000000-a6008000 r-xp 00000000 08:02 18392205                           /usr/lib/i386-linux-gnu/libthai.so.0.2.0
a6008000-a6009000 r--p 00007000 08:02 18392205                           /usr/lib/i386-linux-gnu/libthai.so.0.2.0
a6009000-a600a000 rw-p 00008000 08:02 18392205                           /usr/lib/i386-linux-gnu/libthai.so.0.2.0
a600a000-a6012000 r-xp 00000000 08:02 18392251                           /usr/lib/i386-linux-gnu/libxcb-render.so.0.0.0
a6012000-a6013000 r--p 00008000 08:02 18392251                           /usr/lib/i386-linux-gnu/libxcb-render.so.0.0.0
a6013000-a6014000 rw-p 00009000 08:02 18392251                           /usr/lib/i386-linux-gnu/libxcb-render.so.0.0.0
a6014000-a602c000 r-xp 00000000 08:02 49117881                           /lib/i386-linux-gnu/libz.so.1.2.8
a602c000-a602d000 r--p 00017000 08:02 49117881                           /lib/i386-linux-gnu/libz.so.1.2.8
a602d000-a602e000 rw-p 00018000 08:02 49117881                           /lib/i386-linux-gnu/libz.so.1.2.8
a602e000-a6031000 ---p 00000000 00:00 0 
a6031000-a607f000 rw-p 00000000 00:00 0                                  [stack:4014]
a607f000-a6080000 ---p 00000000 00:00 0 
a6080000-a6100000 rw-p 00000000 00:00 0                                  [stack:4010]
a6100000-a6121000 rw-p 00000000 00:00 0 
a6121000-a6200000 ---p 00000000 00:00 0 
a6200000-a6201000 r--s 00000000 08:02 526177                             /home/jorge/.cache/fontconfig/dc05db6664285cc2f12bf69c139ae4c3-le32d4.cache-4
a6201000-a6206000 r-xp 00000000 08:02 18385973                           /usr/lib/i386-linux-gnu/libffi.so.6.0.1
a6206000-a6207000 r--p 00005000 08:02 18385973                           /usr/lib/i386-linux-gnu/libffi.so.6.0.1
a6207000-a6208000 rw-p 00006000 08:02 18385973                           /usr/lib/i386-linux-gnu/libffi.so.6.0.1
a6208000-a620a000 r-xp 00000000 08:02 18392253                           /usr/lib/i386-linux-gnu/libxcb-shm.so.0.0.0
a620a000-a620b000 r--p 00001000 08:02 18392253                           /usr/lib/i386-linux-gnu/libxcb-shm.so.0.0.0
a620b000-a620c000 rw-p 00002000 08:02 18392253                           /usr/lib/i386-linux-gnu/libxcb-shm.so.0.0.0
a620c000-a621d000 r-xp 00000000 08:02 18391841                           /usr/lib/i386-linux-gnu/libXext.so.6.4.0
a621d000-a621e000 r--p 00010000 08:02 18391841                           /usr/lib/i386-linux-gnu/libXext.so.6.4.0
a621e000-a621f000 rw-p 00011000 08:02 18391841                           /usr/lib/i386-linux-gnu/libXext.so.6.4.0
a621f000-a6221000 r-xp 00000000 08:02 18391837                           /usr/lib/i386-linux-gnu/libXdamage.so.1.1.0
a6221000-a6222000 r--p 00001000 08:02 18391837                           /usr/lib/i386-linux-gnu/libXdamage.so.1.1.0
a6222000-a6223000 rw-p 00002000 08:02 18391837                           /usr/lib/i386-linux-gnu/libXdamage.so.1.1.0
a6223000-a622c000 r-xp 00000000 08:02 18391835                           /usr/lib/i386-linux-gnu/libXcursor.so.1.0.2
a622c000-a622d000 r--p 00008000 08:02 18391835                           /usr/lib/i386-linux-gnu/libXcursor.so.1.0.2
a622d000-a622e000 rw-p 00009000 08:02 18391835                           /usr/lib/i386-linux-gnu/libXcursor.so.1.0.2
a622e000-a6231000 ---p 00000000 00:00 0 
a6231000-a627f000 rw-p 00000000 00:00 0                                  [stack:4013]
a627f000-a6280000 ---p 00000000 00:00 0 
a6280000-a6300000 rw-p 00000000 00:00 0                                  [stack:4009]
a6300000-a6321000 rw-p 00000000 00:00 0 
a6321000-a6400000 ---p 00000000 00:00 0 
a6400000-a6402000 r-xp 00000000 08:02 18391833                           /usr/lib/i386-linux-gnu/libXcomposite.so.1.0.0
a6402000-a6403000 r--p 00001000 08:02 18391833                           /usr/lib/i386-linux-gnu/libXcomposite.so.1.0.0
a6403000-a6404000 rw-p 00002000 08:02 18391833                           /usr/lib/i386-linux-gnu/libXcomposite.so.1.0.0
a6404000-a640d000 r-xp 00000000 08:02 18391857                           /usr/lib/i386-linux-gnu/libXrandr.so.2.2.0
a640d000-a640e000 r--p 00008000 08:02 18391857                           /usr/lib/i386-linux-gnu/libXrandr.so.2.2.0
a640e000-a640f000 rw-p 00009000 08:02 18391857                           /usr/lib/i386-linux-gnu/libXrandr.so.2.2.0
a640f000-a641d000 r-xp 00000000 08:02 18391847                           /usr/lib/i386-linux-gnu/libXi.so.6.1.0
a641d000-a641e000 r--p 0000e000 08:02 18391847                           /usr/lib/i386-linux-gnu/libXi.so.6.1.0
a641e000-a641f000 rw-p 0000f000 08:02 18391847                           /usr/lib/i386-linux-gnu/libXi.so.6.1.0
a641f000-a6421000 r-xp 00000000 08:02 18391849                           /usr/lib/i386-linux-gnu/libXinerama.so.1.0.0
a6421000-a6422000 r--p 00001000 08:02 18391849                           /usr/lib/i386-linux-gnu/libXinerama.so.1.0.0
a6422000-a6423000 rw-p 00002000 08:02 18391849                           /usr/lib/i386-linux-gnu/libXinerama.so.1.0.0
a6423000-a642c000 r-xp 00000000 08:02 18391859                           /usr/lib/i386-linux-gnu/libXrender.so.1.3.0
a642c000-a642d000 r--p 00008000 08:02 18391859                           /usr/lib/i386-linux-gnu/libXrender.so.1.3.0
a642d000-a642e000 rw-p 00009000 08:02 18391859                           /usr/lib/i386-linux-gnu/libXrender.so.1.3.0
a642e000-a6431000 ---p 00000000 00:00 0 
a6431000-a647f000 rw-p 00000000 00:00 0                                  [stack:4012]
a647f000-a6480000 ---p 00000000 00:00 0 
a6480000-a6500000 rw-p 00000000 00:00 0                                  [stack:4008]
a6500000-a6521000 rw-p 00000000 00:00 0 
a6521000-a6600000 ---p 00000000 00:00 0 
a6600000-a6604000 r-xp 00000000 08:02 18391843                           /usr/lib/i386-linux-gnu/libXfixes.so.3.1.0
a6604000-a6605000 r--p 00003000 08:02 18391843                           /usr/lib/i386-linux-gnu/libXfixes.so.3.1.0
a6605000-a6606000 rw-p 00004000 08:02 18391843                           /usr/lib/i386-linux-gnu/libXfixes.so.3.1.0
a6606000-a6622000 r-xp 00000000 08:02 49117848                           /lib/i386-linux-gnu/libgcc_s.so.1
a6622000-a6623000 rw-p 0001b000 08:02 49117848                           /lib/i386-linux-gnu/libgcc_s.so.1
a6623000-a662e000 r-xp 00000000 08:02 18392140                           /usr/lib/i386-linux-gnu/libpangocairo-1.0.so.0.3600.3
a662e000-a662f000 r--p 0000a000 08:02 18392140                           /usr/lib/i386-linux-gnu/libpangocairo-1.0.so.0.3600.3
a662f000-a6630000 rw-p 0000b000 08:02 18392140                           /usr/lib/i386-linux-gnu/libpangocairo-1.0.so.0.3600.3
a6630000-a667f000 rw-p 00000000 00:00 0 
a667f000-a6680000 ---p 00000000 00:00 0 
a6680000-a6700000 rw-p 00000000 00:00 0                                  [stack:4007]
a6700000-a6721000 rw-p 00000000 00:00 0 
a6721000-a6800000 ---p 00000000 00:00 0 
a6800000-a6801000 r--s 00000000 08:02 526175                             /home/jorge/.cache/fontconfig/4794a0821666d79190d59a36cb4f44b5-le32d4.cache-4
a6801000-a6822000 r-xp 00000000 08:02 18391970                           /usr/lib/i386-linux-gnu/libgdk_pixbuf-2.0.so.0.3000.7
a6822000-a6823000 r--p 00021000 08:02 18391970                           /usr/lib/i386-linux-gnu/libgdk_pixbuf-2.0.so.0.3000.7
a6823000-a6824000 rw-p 00022000 08:02 18391970                           /usr/lib/i386-linux-gnu/libgdk_pixbuf-2.0.so.0.3000.7
a6824000-a687f000 rw-p 00000000 00:00 0 
a687f000-a6880000 ---p 00000000 00:00 0 
a6880000-a6900000 rw-p 00000000 00:00 0                                  [stack:4006]
a6900000-a6921000 rw-p 00000000 00:00 0 
a6921000-a6a00000 ---p 00000000 00:00 0 
a6a00000-a6a21000 rw-p 00000000 00:00 0 
a6a21000-a6b00000 ---p 00000000 00:00 0 
a6b00000-a6b21000 rw-p 00000000 00:00 0 
a6b21000-a6c00000 ---p 00000000 00:00 0 
a6c00000-a6c01000 r--s 00000000 08:02 526171                             /home/jorge/.cache/fontconfig/56cf4f4769d0f4abc89a4895d7bd3ae1-le32d4.cache-4
a6c01000-a6c05000 r-xp 00000000 08:02 18391869                           /usr/lib/i386-linux-gnu/libXxf86vm.so.1.0.0
a6c05000-a6c06000 r--p 00004000 08:02 18391869                           /usr/lib/i386-linux-gnu/libXxf86vm.so.1.0.0
a6c06000-a6c07000 rw-p 00005000 08:02 18391869                           /usr/lib/i386-linux-gnu/libXxf86vm.so.1.0.0
a6c07000-a6c25000 r-xp 00000000 08:02 18391879                           /usr/lib/i386-linux-gnu/libatk-1.0.so.0.21009.1
a6c25000-a6c27000 r--p 0001d000 08:02 18391879                           /usr/lib/i386-linux-gnu/libatk-1.0.so.0.21009.1
a6c27000-a6c28000 rw-p 0001f000 08:02 18391879                           /usr/lib/i386-linux-gnu/libatk-1.0.so.0.21009.1
a6c28000-a6c29000 ---p 00000000 00:00 0 
a6c29000-a6cbf000 rw-p 00000000 00:00 0                                  [stack:4005]
a6cbf000-a6dff000 ---p 00000000 00:00 0 
a6dff000-a6e15000 rw-p 00000000 00:00 0 
a6e15000-a6f54000 ---p 00000000 00:00 0 
a6f54000-a6f66000 rw-p 00000000 00:00 0 
a6f66000-a6fff000 ---p 00000000 00:00 0 
a6fff000-a9ac0000 rw-p 00000000 00:00 0 
a9ac0000-d1ac0000 ---p 00000000 00:00 0 
d1ac0000-d3e00000 rw-p 00000000 00:00 0 
d3e00000-e7000000 ---p 00000000 00:00 0 
e7000000-e7001000 r--s 00000000 08:02 526170                             /home/jorge/.cache/fontconfig/b9d506c9ac06c20b433354fa67a72993-le32d4.cache-4
e7001000-e7006000 r-xp 00000000 08:02 18391865                           /usr/lib/i386-linux-gnu/libXtst.so.6.1.0
e7006000-e7007000 r--p 00004000 08:02 18391865                           /usr/lib/i386-linux-gnu/libXtst.so.6.1.0
e7007000-e7008000 rw-p 00005000 08:02 18391865                           /usr/lib/i386-linux-gnu/libXtst.so.6.1.0
e7008000-e701c000 r-xp 00000000 08:02 18392142                           /usr/lib/i386-linux-gnu/libpangoft2-1.0.so.0.3600.3
e701c000-e701d000 r--p 00013000 08:02 18392142                           /usr/lib/i386-linux-gnu/libpangoft2-1.0.so.0.3600.3
e701d000-e701e000 rw-p 00014000 08:02 18392142                           /usr/lib/i386-linux-gnu/libpangoft2-1.0.so.0.3600.3
e701e000-e7021000 r--s 00000000 08:02 526152                             /home/jorge/.cache/fontconfig/7ef2298fde41cc6eeb7af42e48b7d293-le32d4.cache-4
e7021000-e7026000 r-xp 00000000 08:02 527623                             /home/jorge/jdk1.8.0_91/jre/lib/i386/libjavafx_font_freetype.so
e7026000-e7027000 rw-p 00004000 08:02 527623                             /home/jorge/jdk1.8.0_91/jre/lib/i386/libjavafx_font_freetype.so
e7027000-e702a000 r-xp 00000000 08:02 527736                             /home/jorge/jdk1.8.0_91/jre/lib/i386/libjavafx_font.so
e702a000-e702b000 rw-p 00002000 08:02 527736                             /home/jorge/jdk1.8.0_91/jre/lib/i386/libjavafx_font.so
e702b000-e703e000 r--s 00344000 08:02 527759                             /home/jorge/jdk1.8.0_91/jre/lib/resources.jar
e703e000-e703f000 ---p 00000000 00:00 0 
e703f000-e70bf000 rw-p 00000000 00:00 0                                  [stack:4004]
e70bf000-e70c0000 ---p 00000000 00:00 0 
e70c0000-e7154000 rw-p 00000000 00:00 0                                  [stack:4003]
e7154000-e7500000 ---p 00000000 00:00 0 
e7500000-e79d8000 rwxp 00000000 00:00 0 
e79d8000-f6500000 ---p 00000000 00:00 0 
f6500000-f65f8000 rw-p 00000000 00:00 0 
f65f8000-f6600000 ---p 00000000 00:00 0 
f6600000-f6601000 r--s 00000000 08:02 526163                             /home/jorge/.cache/fontconfig/0c9eb80ebd1c36541ebe2852d3bb0c49-le32d4.cache-4
f6601000-f6602000 r--s 00000000 08:02 536613                             /home/jorge/.cache/fontconfig/6d4de75d284bb759da9bfc219092b08f-le32d4.cache-4
f6602000-f6605000 r-xp 00000000 08:02 18391980                           /usr/lib/i386-linux-gnu/libgmodule-2.0.so.0.4002.0
f6605000-f6606000 r--p 00002000 08:02 18391980                           /usr/lib/i386-linux-gnu/libgmodule-2.0.so.0.4002.0
f6606000-f6607000 rw-p 00003000 08:02 18391980                           /usr/lib/i386-linux-gnu/libgmodule-2.0.so.0.4002.0
f6607000-f6612000 r-xp 00000000 08:02 527781                             /home/jorge/jdk1.8.0_91/jre/lib/i386/libprism_es2.so
f6612000-f6613000 rw-p 0000a000 08:02 527781                             /home/jorge/jdk1.8.0_91/jre/lib/i386/libprism_es2.so
f6613000-f662b000 rw-p 00000000 00:00 0 
f662b000-f6636000 r-xp 00000000 08:02 49121278                           /lib/i386-linux-gnu/libnss_files-2.19.so
f6636000-f6637000 r--p 0000a000 08:02 49121278                           /lib/i386-linux-gnu/libnss_files-2.19.so
f6637000-f6638000 rw-p 0000b000 08:02 49121278                           /lib/i386-linux-gnu/libnss_files-2.19.so
f6638000-f6642000 r-xp 00000000 08:02 49121272                           /lib/i386-linux-gnu/libnss_nis-2.19.so
f6642000-f6643000 r--p 00009000 08:02 49121272                           /lib/i386-linux-gnu/libnss_nis-2.19.so
f6643000-f6644000 rw-p 0000a000 08:02 49121272                           /lib/i386-linux-gnu/libnss_nis-2.19.so
f6644000-f6659000 r-xp 00000000 08:02 49121282                           /lib/i386-linux-gnu/libnsl-2.19.so
f6659000-f665a000 r--p 00015000 08:02 49121282                           /lib/i386-linux-gnu/libnsl-2.19.so
f665a000-f665b000 rw-p 00016000 08:02 49121282                           /lib/i386-linux-gnu/libnsl-2.19.so
f665b000-f665d000 rw-p 00000000 00:00 0 
f665d000-f665e000 rw-s 10af11000 00:06 10690                             /dev/dri/card1
f665e000-f665f000 r-xp 00000000 08:02 18392072                           /usr/lib/i386-linux-gnu/libgthread-2.0.so.0.4002.0
f665f000-f6660000 r--p 00000000 08:02 18392072                           /usr/lib/i386-linux-gnu/libgthread-2.0.so.0.4002.0
f6660000-f6661000 rw-p 00001000 08:02 18392072                           /usr/lib/i386-linux-gnu/libgthread-2.0.so.0.4002.0
f6661000-f6663000 r--s 00e26000 08:11 1178                               /media/jorge/F0E9-334E/DAW/Programacin/Aplicaciones/ProyectoFinal/Octogonave/dist/run516412898/Octogonave.jar
f6663000-f667c000 r-xp 00000000 08:02 527896                             /home/jorge/jdk1.8.0_91/jre/lib/i386/libzip.so
f667c000-f667d000 rw-p 00019000 08:02 527896                             /home/jorge/jdk1.8.0_91/jre/lib/i386/libzip.so
f667d000-f66a1000 r-xp 00000000 08:02 527877                             /home/jorge/jdk1.8.0_91/jre/lib/i386/libjava.so
f66a1000-f66a2000 rw-p 00023000 08:02 527877                             /home/jorge/jdk1.8.0_91/jre/lib/i386/libjava.so
f66a2000-f66a9000 r-xp 00000000 08:02 49121277                           /lib/i386-linux-gnu/librt-2.19.so
f66a9000-f66aa000 r--p 00006000 08:02 49121277                           /lib/i386-linux-gnu/librt-2.19.so
f66aa000-f66ab000 rw-p 00007000 08:02 49121277                           /lib/i386-linux-gnu/librt-2.19.so
f66ab000-f66ae000 ---p 00000000 00:00 0 
f66ae000-f66fc000 rw-p 00000000 00:00 0                                  [stack:4002]
f66fc000-f6740000 r-xp 00000000 08:02 49116687                           /lib/i386-linux-gnu/libm-2.19.so
f6740000-f6741000 r--p 00043000 08:02 49116687                           /lib/i386-linux-gnu/libm-2.19.so
f6741000-f6742000 rw-p 00044000 08:02 49116687                           /lib/i386-linux-gnu/libm-2.19.so
f6742000-f70c5000 r-xp 00000000 08:02 527750                             /home/jorge/jdk1.8.0_91/jre/lib/i386/server/libjvm.so
f70c5000-f7132000 rw-p 00983000 08:02 527750                             /home/jorge/jdk1.8.0_91/jre/lib/i386/server/libjvm.so
f7132000-f755b000 rw-p 00000000 00:00 0 
f755b000-f7703000 r-xp 00000000 08:02 49121276                           /lib/i386-linux-gnu/libc-2.19.so
f7703000-f7705000 r--p 001a8000 08:02 49121276                           /lib/i386-linux-gnu/libc-2.19.so
f7705000-f7706000 rw-p 001aa000 08:02 49121276                           /lib/i386-linux-gnu/libc-2.19.so
f7706000-f7709000 rw-p 00000000 00:00 0 
f7709000-f770c000 r-xp 00000000 08:02 49121273                           /lib/i386-linux-gnu/libdl-2.19.so
f770c000-f770d000 r--p 00002000 08:02 49121273                           /lib/i386-linux-gnu/libdl-2.19.so
f770d000-f770e000 rw-p 00003000 08:02 49121273                           /lib/i386-linux-gnu/libdl-2.19.so
f770e000-f7722000 r-xp 00000000 08:02 527820                             /home/jorge/jdk1.8.0_91/jre/lib/i386/jli/libjli.so
f7722000-f7723000 rw-p 00014000 08:02 527820                             /home/jorge/jdk1.8.0_91/jre/lib/i386/jli/libjli.so
f7723000-f7724000 rw-p 00000000 00:00 0 
f7724000-f773c000 r-xp 00000000 08:02 49121268                           /lib/i386-linux-gnu/libpthread-2.19.so
f773c000-f773d000 r--p 00018000 08:02 49121268                           /lib/i386-linux-gnu/libpthread-2.19.so
f773d000-f773e000 rw-p 00019000 08:02 49121268                           /lib/i386-linux-gnu/libpthread-2.19.so
f773e000-f7740000 rw-p 00000000 00:00 0 
f7740000-f7741000 r--p 002c5000 08:02 18392373                           /usr/lib/locale/locale-archive
f7741000-f7749000 rw-s 00000000 08:02 56733717                           /tmp/hsperfdata_jorge/3998
f7749000-f7750000 r-xp 00000000 08:02 49121265                           /lib/i386-linux-gnu/libnss_compat-2.19.so
f7750000-f7751000 r--p 00006000 08:02 49121265                           /lib/i386-linux-gnu/libnss_compat-2.19.so
f7751000-f7752000 rw-p 00007000 08:02 49121265                           /lib/i386-linux-gnu/libnss_compat-2.19.so
f7752000-f7753000 rw-p 00000000 00:00 0 
f7753000-f7754000 r--p 00000000 00:00 0 
f7754000-f775f000 r-xp 00000000 08:02 527835                             /home/jorge/jdk1.8.0_91/jre/lib/i386/libverify.so
f775f000-f7760000 rw-p 0000b000 08:02 527835                             /home/jorge/jdk1.8.0_91/jre/lib/i386/libverify.so
f7760000-f7762000 rw-p 00000000 00:00 0 
f7762000-f7764000 r--p 00000000 00:00 0                                  [vvar]
f7764000-f7766000 r-xp 00000000 00:00 0                                  [vdso]
f7766000-f7786000 r-xp 00000000 08:02 49121279                           /lib/i386-linux-gnu/ld-2.19.so
f7786000-f7787000 r--p 0001f000 08:02 49121279                           /lib/i386-linux-gnu/ld-2.19.so
f7787000-f7788000 rw-p 00020000 08:02 49121279                           /lib/i386-linux-gnu/ld-2.19.so
ff840000-ff841000 rwxp 00000000 00:00 0 
ff873000-ff894000 rw-p 00000000 00:00 0                                  [stack]

VM Arguments:
jvm_args: -Dfile.encoding=UTF-8 
java_command: /media/jorge/F0E9-334E/DAW/Programacin/Aplicaciones/ProyectoFinal/Octogonave/dist/run516412898/Octogonave.jar
java_class_path (initial): /media/jorge/F0E9-334E/DAW/Programacin/Aplicaciones/ProyectoFinal/Octogonave/dist/run516412898/Octogonave.jar
Launcher Type: SUN_STANDARD

Environment Variables:
PATH=/usr/local/sbin:/usr/local/bin:/usr/sbin:/usr/bin:/sbin:/bin:/usr/games:/usr/local/games
USERNAME=jorge
LD_LIBRARY_PATH=/home/jorge/jdk1.8.0_91/jre/lib/amd64:/home/jorge/jdk1.8.0_91/jre/lib/i386:
SHELL=/bin/bash
DISPLAY=:0.0

Signal Handlers:
SIGSEGV: [libjvm.so+0x8d0a60], sa_mask[0]=11111111011111111101111111111110, sa_flags=SA_RESTART|SA_SIGINFO
SIGBUS: [libjvm.so+0x8d0a60], sa_mask[0]=11111111011111111101111111111110, sa_flags=SA_RESTART|SA_SIGINFO
SIGFPE: [libjvm.so+0x7503b0], sa_mask[0]=11111111011111111101111111111110, sa_flags=SA_RESTART|SA_SIGINFO
SIGPIPE: SIG_IGN, sa_mask[0]=00000000000010000000000000000000, sa_flags=SA_RESTART
SIGXFSZ: [libjvm.so+0x7503b0], sa_mask[0]=11111111011111111101111111111110, sa_flags=SA_RESTART|SA_SIGINFO
SIGILL: [libjvm.so+0x7503b0], sa_mask[0]=11111111011111111101111111111110, sa_flags=SA_RESTART|SA_SIGINFO
SIGUSR1: SIG_DFL, sa_mask[0]=00000000000000000000000000000000, sa_flags=none
SIGUSR2: [libjvm.so+0x751a30], sa_mask[0]=00100000000000000000000000000000, sa_flags=SA_RESTART|SA_SIGINFO
SIGHUP: [libjvm.so+0x752ee0], sa_mask[0]=11111111011111111101111111111110, sa_flags=SA_RESTART|SA_SIGINFO
SIGINT: SIG_IGN, sa_mask[0]=00000000000000000000000000000000, sa_flags=none
SIGTERM: [libjvm.so+0x752ee0], sa_mask[0]=11111111011111111101111111111110, sa_flags=SA_RESTART|SA_SIGINFO
SIGQUIT: [libjvm.so+0x752ee0], sa_mask[0]=11111111011111111101111111111110, sa_flags=SA_RESTART|SA_SIGINFO


---------------  S Y S T E M  ---------------

OS:DISTRIB_ID=LinuxMint
DISTRIB_RELEASE=17.3
DISTRIB_CODENAME=rosa
DISTRIB_DESCRIPTION="Linux Mint 17.3 Rosa"

uname:Linux 3.19.0-32-generic #37~14.04.1-Ubuntu SMP Thu Oct 22 09:41:40 UTC 2015 x86_64
libc:glibc 2.19 NPTL 2.19 
rlimit: STACK 8192k, CORE 0k, NPROC 30553, NOFILE 4096, AS infinity
load average:0,12 0,25 0,31

/proc/meminfo:
MemTotal:        8056328 kB
MemFree:         5732116 kB
MemAvailable:    6661448 kB
Buffers:           79056 kB
Cached:          1007548 kB
SwapCached:            0 kB
Active:          1630344 kB
Inactive:         513356 kB
Active(anon):    1058172 kB
Inactive(anon):    17384 kB
Active(file):     572172 kB
Inactive(file):   495972 kB
Unevictable:           0 kB
Mlocked:               0 kB
SwapTotal:       8268796 kB
SwapFree:        8268796 kB
Dirty:               124 kB
Writeback:             0 kB
AnonPages:       1057108 kB
Mapped:           237688 kB
Shmem:             18460 kB
Slab:              91404 kB
SReclaimable:      60244 kB
SUnreclaim:        31160 kB
KernelStack:        7808 kB
PageTables:        21928 kB
NFS_Unstable:          0 kB
Bounce:                0 kB
WritebackTmp:          0 kB
CommitLimit:    12296960 kB
Committed_AS:    2498716 kB
VmallocTotal:   34359738367 kB
VmallocUsed:      386112 kB
VmallocChunk:   34359310776 kB
HardwareCorrupted:     0 kB
AnonHugePages:    399360 kB
CmaTotal:              0 kB
CmaFree:               0 kB
HugePages_Total:       0
HugePages_Free:        0
HugePages_Rsvd:        0
HugePages_Surp:        0
Hugepagesize:       2048 kB
DirectMap4k:      132724 kB
DirectMap2M:     2893824 kB
DirectMap1G:     5242880 kB


CPU:total 8 (4 cores per cpu, 2 threads per core) family 6 model 60 stepping 3, cmov, cx8, fxsr, mmx, sse, sse2, sse3, ssse3, sse4.1, sse4.2, popcnt, avx, avx2, aes, clmul, erms, rtm, lzcnt, ht, tsc, tscinvbit, bmi1, bmi2

/proc/cpuinfo:
processor	: 0
vendor_id	: GenuineIntel
cpu family	: 6
model		: 60
model name	: Intel(R) Core(TM) i7-4790 CPU @ 3.60GHz
stepping	: 3
microcode	: 0x19
cpu MHz		: 3884.062
cache size	: 8192 KB
physical id	: 0
siblings	: 8
core id		: 0
cpu cores	: 4
apicid		: 0
initial apicid	: 0
fpu		: yes
fpu_exception	: yes
cpuid level	: 13
wp		: yes
flags		: fpu vme de pse tsc msr pae mce cx8 apic sep mtrr pge mca cmov pat pse36 clflush dts acpi mmx fxsr sse sse2 ss ht tm pbe syscall nx pdpe1gb rdtscp lm constant_tsc arch_perfmon pebs bts rep_good nopl xtopology nonstop_tsc aperfmperf eagerfpu pni pclmulqdq dtes64 monitor ds_cpl vmx smx est tm2 ssse3 fma cx16 xtpr pdcm pcid sse4_1 sse4_2 x2apic movbe popcnt tsc_deadline_timer aes xsave avx f16c rdrand lahf_lm abm ida arat pln pts dtherm tpr_shadow vnmi flexpriority ept vpid fsgsbase tsc_adjust bmi1 hle avx2 smep bmi2 erms invpcid rtm xsaveopt
bugs		:
bogomips	: 7183.40
clflush size	: 64
cache_alignment	: 64
address sizes	: 39 bits physical, 48 bits virtual
power management:

processor	: 1
vendor_id	: GenuineIntel
cpu family	: 6
model		: 60
model name	: Intel(R) Core(TM) i7-4790 CPU @ 3.60GHz
stepping	: 3
microcode	: 0x19
cpu MHz		: 2200.218
cache size	: 8192 KB
physical id	: 0
siblings	: 8
core id		: 1
cpu cores	: 4
apicid		: 2
initial apicid	: 2
fpu		: yes
fpu_exception	: yes
cpuid level	: 13
wp		: yes
flags		: fpu vme de pse tsc msr pae mce cx8 apic sep mtrr pge mca cmov pat pse36 clflush dts acpi mmx fxsr sse sse2 ss ht tm pbe syscall nx pdpe1gb rdtscp lm constant_tsc arch_perfmon pebs bts rep_good nopl xtopology nonstop_tsc aperfmperf eagerfpu pni pclmulqdq dtes64 monitor ds_cpl vmx smx est tm2 ssse3 fma cx16 xtpr pdcm pcid sse4_1 sse4_2 x2apic movbe popcnt tsc_deadline_timer aes xsave avx f16c rdrand lahf_lm abm ida arat pln pts dtherm tpr_shadow vnmi flexpriority ept vpid fsgsbase tsc_adjust bmi1 hle avx2 smep bmi2 erms invpcid rtm xsaveopt
bugs		:
bogomips	: 7183.40
clflush size	: 64
cache_alignment	: 64
address sizes	: 39 bits physical, 48 bits virtual
power management:

processor	: 2
vendor_id	: GenuineIntel
cpu family	: 6
model		: 60
model name	: Intel(R) Core(TM) i7-4790 CPU @ 3.60GHz
stepping	: 3
microcode	: 0x19
cpu MHz		: 3563.156
cache size	: 8192 KB
physical id	: 0
siblings	: 8
core id		: 2
cpu cores	: 4
apicid		: 4
initial apicid	: 4
fpu		: yes
fpu_exception	: yes
cpuid level	: 13
wp		: yes
flags		: fpu vme de pse tsc msr pae mce cx8 apic sep mtrr pge mca cmov pat pse36 clflush dts acpi mmx fxsr sse sse2 ss ht tm pbe syscall nx pdpe1gb rdtscp lm constant_tsc arch_perfmon pebs bts rep_good nopl xtopology nonstop_tsc aperfmperf eagerfpu pni pclmulqdq dtes64 monitor ds_cpl vmx smx est tm2 ssse3 fma cx16 xtpr pdcm pcid sse4_1 sse4_2 x2apic movbe popcnt tsc_deadline_timer aes xsave avx f16c rdrand lahf_lm abm ida arat pln pts dtherm tpr_shadow vnmi flexpriority ept vpid fsgsbase tsc_adjust bmi1 hle avx2 smep bmi2 erms invpcid rtm xsaveopt
bugs		:
bogomips	: 7183.40
clflush size	: 64
cache_alignment	: 64
address sizes	: 39 bits physical, 48 bits virtual
power management:

processor	: 3
vendor_id	: GenuineIntel
cpu family	: 6
model		: 60
model name	: Intel(R) Core(TM) i7-4790 CPU @ 3.60GHz
stepping	: 3
microcode	: 0x19
cpu MHz		: 3917.812
cache size	: 8192 KB
physical id	: 0
siblings	: 8
core id		: 3
cpu cores	: 4
apicid		: 6
initial apicid	: 6
fpu		: yes
fpu_exception	: yes
cpuid level	: 13
wp		: yes
flags		: fpu vme de pse tsc msr pae mce cx8 apic sep mtrr pge mca cmov pat pse36 clflush dts acpi mmx fxsr sse sse2 ss ht tm pbe syscall nx pdpe1gb rdtscp lm constant_tsc arch_perfmon pebs bts rep_good nopl xtopology nonstop_tsc aperfmperf eagerfpu pni pclmulqdq dtes64 monitor ds_cpl vmx smx est tm2 ssse3 fma cx16 xtpr pdcm pcid sse4_1 sse4_2 x2apic movbe popcnt tsc_deadline_timer aes xsave avx f16c rdrand lahf_lm abm ida arat pln pts dtherm tpr_shadow vnmi flexpriority ept vpid fsgsbase tsc_adjust bmi1 hle avx2 smep bmi2 erms invpcid rtm xsaveopt
bugs		:
bogomips	: 7183.40
clflush size	: 64
cache_alignment	: 64
address sizes	: 39 bits physical, 48 bits virtual
power management:

processor	: 4
vendor_id	: GenuineIntel
cpu family	: 6
model		: 60
model name	: Intel(R) Core(TM) i7-4790 CPU @ 3.60GHz
stepping	: 3
microcode	: 0x19
cpu MHz		: 3901.218
cache size	: 8192 KB
physical id	: 0
siblings	: 8
core id		: 0
cpu cores	: 4
apicid		: 1
initial apicid	: 1
fpu		: yes
fpu_exception	: yes
cpuid level	: 13
wp		: yes
flags		: fpu vme de pse tsc msr pae mce cx8 apic sep mtrr pge mca cmov pat pse36 clflush dts acpi mmx fxsr sse sse2 ss ht tm pbe syscall nx pdpe1gb rdtscp lm constant_tsc arch_perfmon pebs bts rep_good nopl xtopology nonstop_tsc aperfmperf eagerfpu pni pclmulqdq dtes64 monitor ds_cpl vmx smx est tm2 ssse3 fma cx16 xtpr pdcm pcid sse4_1 sse4_2 x2apic movbe popcnt tsc_deadline_timer aes xsave avx f16c rdrand lahf_lm abm ida arat pln pts dtherm tpr_shadow vnmi flexpriority ept vpid fsgsbase tsc_adjust bmi1 hle avx2 smep bmi2 erms invpcid rtm xsaveopt
bugs		:
bogomips	: 7183.40
clflush size	: 64
cache_alignment	: 64
address sizes	: 39 bits physical, 48 bits virtual
power management:

processor	: 5
vendor_id	: GenuineIntel
cpu family	: 6
model		: 60
model name	: Intel(R) Core(TM) i7-4790 CPU @ 3.60GHz
stepping	: 3
microcode	: 0x19
cpu MHz		: 3906.562
cache size	: 8192 KB
physical id	: 0
siblings	: 8
core id		: 1
cpu cores	: 4
apicid		: 3
initial apicid	: 3
fpu		: yes
fpu_exception	: yes
cpuid level	: 13
wp		: yes
flags		: fpu vme de pse tsc msr pae mce cx8 apic sep mtrr pge mca cmov pat pse36 clflush dts acpi mmx fxsr sse sse2 ss ht tm pbe syscall nx pdpe1gb rdtscp lm constant_tsc arch_perfmon pebs bts rep_good nopl xtopology nonstop_tsc aperfmperf eagerfpu pni pclmulqdq dtes64 monitor ds_cpl vmx smx est tm2 ssse3 fma cx16 xtpr pdcm pcid sse4_1 sse4_2 x2apic movbe popcnt tsc_deadline_timer aes xsave avx f16c rdrand lahf_lm abm ida arat pln pts dtherm tpr_shadow vnmi flexpriority ept vpid fsgsbase tsc_adjust bmi1 hle avx2 smep bmi2 erms invpcid rtm xsaveopt
bugs		:
bogomips	: 7183.40
clflush size	: 64
cache_alignment	: 64
address sizes	: 39 bits physical, 48 bits virtual
power management:

processor	: 6
vendor_id	: GenuineIntel
cpu family	: 6
model		: 60
model name	: Intel(R) Core(TM) i7-4790 CPU @ 3.60GHz
stepping	: 3
microcode	: 0x19
cpu MHz		: 3821.203
cache size	: 8192 KB
physical id	: 0
siblings	: 8
core id		: 2
cpu cores	: 4
apicid		: 5
initial apicid	: 5
fpu		: yes
fpu_exception	: yes
cpuid level	: 13
wp		: yes
flags		: fpu vme de pse tsc msr pae mce cx8 apic sep mtrr pge mca cmov pat pse36 clflush dts acpi mmx fxsr sse sse2 ss ht tm pbe syscall nx pdpe1gb rdtscp lm constant_tsc arch_perfmon pebs bts rep_good nopl xtopology nonstop_tsc aperfmperf eagerfpu pni pclmulqdq dtes64 monitor ds_cpl vmx smx est tm2 ssse3 fma cx16 xtpr pdcm pcid sse4_1 sse4_2 x2apic movbe popcnt tsc_deadline_timer aes xsave avx f16c rdrand lahf_lm abm ida arat pln pts dtherm tpr_shadow vnmi flexpriority ept vpid fsgsbase tsc_adjust bmi1 hle avx2 smep bmi2 erms invpcid rtm xsaveopt
bugs		:
bogomips	: 7183.40
clflush size	: 64
cache_alignment	: 64
address sizes	: 39 bits physical, 48 bits virtual
power management:

processor	: 7
vendor_id	: GenuineIntel
cpu family	: 6
model		: 60
model name	: Intel(R) Core(TM) i7-4790 CPU @ 3.60GHz
stepping	: 3
microcode	: 0x19
cpu MHz		: 3479.625
cache size	: 8192 KB
physical id	: 0
siblings	: 8
core id		: 3
cpu cores	: 4
apicid		: 7
initial apicid	: 7
fpu		: yes
fpu_exception	: yes
cpuid level	: 13
wp		: yes
flags		: fpu vme de pse tsc msr pae mce cx8 apic sep mtrr pge mca cmov pat pse36 clflush dts acpi mmx fxsr sse sse2 ss ht tm pbe syscall nx pdpe1gb rdtscp lm constant_tsc arch_perfmon pebs bts rep_good nopl xtopology nonstop_tsc aperfmperf eagerfpu pni pclmulqdq dtes64 monitor ds_cpl vmx smx est tm2 ssse3 fma cx16 xtpr pdcm pcid sse4_1 sse4_2 x2apic movbe popcnt tsc_deadline_timer aes xsave avx f16c rdrand lahf_lm abm ida arat pln pts dtherm tpr_shadow vnmi flexpriority ept vpid fsgsbase tsc_adjust bmi1 hle avx2 smep bmi2 erms invpcid rtm xsaveopt
bugs		:
bogomips	: 7183.40
clflush size	: 64
cache_alignment	: 64
address sizes	: 39 bits physical, 48 bits virtual
power management:



Memory: 4k page, physical 8056328k(5732116k free), swap 8268796k(8268796k free)

vm_info: Java HotSpot(TM) Server VM (25.91-b14) for linux-x86 JRE (1.8.0_91-b14), built on Apr  1 2016 01:01:13 by "java_re" with gcc 4.3.0 20080428 (Red Hat 4.3.0-8)

time: Sun May 22 00:53:26 2016
elapsed time: 400 seconds (0d 0h 6m 40s)

